TN:
SF:src/components/NotificationTester.js
FN:5,(anonymous_0)
FN:6,(anonymous_1)
FN:19,(anonymous_2)
FN:32,(anonymous_3)
FN:49,(anonymous_4)
FNF:5
FNH:0
FNDA:0,(anonymous_0)
FNDA:0,(anonymous_1)
FNDA:0,(anonymous_2)
FNDA:0,(anonymous_3)
FNDA:0,(anonymous_4)
DA:5,0
DA:6,0
DA:7,0
DA:12,0
DA:13,0
DA:15,0
DA:19,0
DA:20,0
DA:25,0
DA:26,0
DA:28,0
DA:32,0
DA:33,0
DA:34,0
DA:35,0
DA:37,0
DA:42,0
DA:43,0
DA:45,0
DA:49,0
DA:50,0
DA:52,0
DA:53,0
DA:55,0
DA:59,0
DA:92,0
LF:26
LH:0
BRDA:12,0,0,0
BRDA:12,0,1,0
BRDA:15,1,0,0
BRDA:15,1,1,0
BRDA:25,2,0,0
BRDA:25,2,1,0
BRDA:28,3,0,0
BRDA:28,3,1,0
BRDA:42,4,0,0
BRDA:42,4,1,0
BRDA:45,5,0,0
BRDA:45,5,1,0
BRDA:52,6,0,0
BRDA:52,6,1,0
BRDA:55,7,0,0
BRDA:55,7,1,0
BRF:16
BRH:0
end_of_record
TN:
SF:src/components/SplashScreen.tsx
FN:18,(anonymous_0)
FN:26,(anonymous_1)
FN:68,(anonymous_2)
FN:76,(anonymous_3)
FNF:4
FNH:0
FNDA:0,(anonymous_0)
FNDA:0,(anonymous_1)
FNDA:0,(anonymous_2)
FNDA:0,(anonymous_3)
DA:12,0
DA:18,0
DA:20,0
DA:21,0
DA:22,0
DA:23,0
DA:24,0
DA:26,0
DA:28,0
DA:68,0
DA:70,0
DA:71,0
DA:76,0
DA:77,0
DA:82,0
DA:87,0
DA:169,0
LF:17
LH:0
BRDA:70,0,0,0
BRDA:70,0,1,0
BRF:2
BRH:0
end_of_record
TN:
SF:src/context/context.tsx
FN:15,(anonymous_0)
FN:24,(anonymous_1)
FN:52,(anonymous_2)
FN:70,(anonymous_3)
FN:81,(anonymous_4)
FN:100,(anonymous_5)
FN:105,(anonymous_6)
FN:116,(anonymous_7)
FN:129,(anonymous_8)
FN:134,(anonymous_9)
FN:148,(anonymous_10)
FN:152,(anonymous_11)
FN:160,(anonymous_12)
FN:161,(anonymous_13)
FN:164,(anonymous_14)
FN:197,(anonymous_15)
FN:237,(anonymous_16)
FN:249,(anonymous_17)
FN:257,(anonymous_18)
FN:280,(anonymous_19)
FNF:20
FNH:0
FNDA:0,(anonymous_0)
FNDA:0,(anonymous_1)
FNDA:0,(anonymous_2)
FNDA:0,(anonymous_3)
FNDA:0,(anonymous_4)
FNDA:0,(anonymous_5)
FNDA:0,(anonymous_6)
FNDA:0,(anonymous_7)
FNDA:0,(anonymous_8)
FNDA:0,(anonymous_9)
FNDA:0,(anonymous_10)
FNDA:0,(anonymous_11)
FNDA:0,(anonymous_12)
FNDA:0,(anonymous_13)
FNDA:0,(anonymous_14)
FNDA:0,(anonymous_15)
FNDA:0,(anonymous_16)
FNDA:0,(anonymous_17)
FNDA:0,(anonymous_18)
FNDA:0,(anonymous_19)
DA:13,0
DA:15,0
DA:16,0
DA:17,0
DA:18,0
DA:19,0
DA:20,0
DA:21,0
DA:22,0
DA:24,0
DA:25,0
DA:26,0
DA:27,0
DA:29,0
DA:32,0
DA:33,0
DA:34,0
DA:38,0
DA:39,0
DA:40,0
DA:41,0
DA:44,0
DA:45,0
DA:46,0
DA:47,0
DA:48,0
DA:49,0
DA:52,0
DA:53,0
DA:59,0
DA:60,0
DA:61,0
DA:64,0
DA:67,0
DA:70,0
DA:71,0
DA:72,0
DA:73,0
DA:75,0
DA:76,0
DA:81,0
DA:82,0
DA:83,0
DA:84,0
DA:85,0
DA:86,0
DA:88,0
DA:89,0
DA:90,0
DA:91,0
DA:92,0
DA:93,0
DA:96,0
DA:100,0
DA:102,0
DA:105,0
DA:106,0
DA:108,0
DA:109,0
DA:111,0
DA:112,0
DA:114,0
DA:115,0
DA:116,0
DA:117,0
DA:118,0
DA:122,0
DA:123,0
DA:124,0
DA:125,0
DA:126,0
DA:128,0
DA:129,0
DA:130,0
DA:133,0
DA:134,0
DA:135,0
DA:139,0
DA:140,0
DA:142,0
DA:143,0
DA:147,0
DA:148,0
DA:149,0
DA:152,0
DA:153,0
DA:154,0
DA:160,0
DA:161,0
DA:162,0
DA:164,0
DA:166,0
DA:167,0
DA:168,0
DA:169,0
DA:170,0
DA:171,0
DA:172,0
DA:173,0
DA:174,0
DA:175,0
DA:176,0
DA:178,0
DA:179,0
DA:180,0
DA:183,0
DA:187,0
DA:190,0
DA:198,0
DA:199,0
DA:200,0
DA:201,0
DA:206,0
DA:208,0
DA:209,0
DA:210,0
DA:212,0
DA:213,0
DA:217,0
DA:218,0
DA:219,0
DA:221,0
DA:222,0
DA:223,0
DA:224,0
DA:232,0
DA:234,0
DA:238,0
DA:239,0
DA:240,0
DA:242,0
DA:243,0
DA:245,0
DA:250,0
DA:252,0
DA:254,0
DA:258,0
DA:260,0
DA:264,0
DA:267,0
DA:268,0
DA:269,0
DA:270,0
DA:271,0
DA:274,0
DA:275,0
DA:277,0
DA:281,0
DA:282,0
DA:283,0
DA:286,0
DA:291,0
LF:152
LH:0
BRDA:29,0,0,0
BRDA:29,0,1,0
BRDA:32,1,0,0
BRDA:32,1,1,0
BRDA:46,2,0,0
BRDA:46,2,1,0
BRDA:47,3,0,0
BRDA:47,3,1,0
BRDA:48,4,0,0
BRDA:48,4,1,0
BRDA:49,5,0,0
BRDA:49,5,1,0
BRDA:53,6,0,0
BRDA:53,6,1,0
BRDA:53,6,2,0
BRDA:53,6,3,0
BRDA:59,7,0,0
BRDA:59,7,1,0
BRDA:72,8,0,0
BRDA:72,8,1,0
BRDA:75,9,0,0
BRDA:75,9,1,0
BRDA:88,10,0,0
BRDA:88,10,1,0
BRDA:114,11,0,0
BRDA:114,11,1,0
BRDA:123,12,0,0
BRDA:123,12,1,0
BRDA:123,13,0,0
BRDA:123,13,1,0
BRDA:153,14,0,0
BRDA:153,14,1,0
BRDA:153,15,0,0
BRDA:153,15,1,0
BRDA:167,16,0,0
BRDA:167,16,1,0
BRDA:206,17,0,0
BRDA:206,17,1,0
BRDA:209,18,0,0
BRDA:209,18,1,0
BRDA:217,19,0,0
BRDA:217,19,1,0
BRDA:242,20,0,0
BRDA:242,20,1,0
BRDA:243,21,0,0
BRDA:243,21,1,0
BRDA:282,22,0,0
BRDA:282,22,1,0
BRDA:282,23,0,0
BRDA:282,23,1,0
BRF:50
BRH:0
end_of_record
TN:
SF:src/context/types.ts
FNF:0
FNH:0
LF:0
LH:0
BRF:0
BRH:0
end_of_record
TN:
SF:src/pages/capacidad/capacidad.js
FN:14,(anonymous_0)
FN:26,(anonymous_1)
FN:28,(anonymous_2)
FN:36,(anonymous_3)
FN:43,(anonymous_4)
FN:48,(anonymous_5)
FN:48,(anonymous_6)
FN:56,(anonymous_7)
FN:57,(anonymous_8)
FN:63,(anonymous_9)
FN:73,(anonymous_10)
FN:94,(anonymous_11)
FN:98,(anonymous_12)
FN:114,(anonymous_13)
FN:119,(anonymous_14)
FN:121,(anonymous_15)
FN:125,(anonymous_16)
FN:127,(anonymous_17)
FN:144,(anonymous_18)
FN:151,(anonymous_19)
FN:153,(anonymous_20)
FN:156,(anonymous_21)
FNF:22
FNH:0
FNDA:0,(anonymous_0)
FNDA:0,(anonymous_1)
FNDA:0,(anonymous_2)
FNDA:0,(anonymous_3)
FNDA:0,(anonymous_4)
FNDA:0,(anonymous_5)
FNDA:0,(anonymous_6)
FNDA:0,(anonymous_7)
FNDA:0,(anonymous_8)
FNDA:0,(anonymous_9)
FNDA:0,(anonymous_10)
FNDA:0,(anonymous_11)
FNDA:0,(anonymous_12)
FNDA:0,(anonymous_13)
FNDA:0,(anonymous_14)
FNDA:0,(anonymous_15)
FNDA:0,(anonymous_16)
FNDA:0,(anonymous_17)
FNDA:0,(anonymous_18)
FNDA:0,(anonymous_19)
FNDA:0,(anonymous_20)
FNDA:0,(anonymous_21)
DA:12,0
DA:15,0
DA:16,0
DA:22,0
DA:27,0
DA:29,0
DA:30,0
DA:32,0
DA:37,0
DA:38,0
DA:43,0
DA:48,0
DA:57,0
DA:58,0
DA:63,0
DA:74,0
DA:75,0
DA:95,0
DA:97,0
DA:99,0
DA:100,0
DA:101,0
DA:102,0
DA:103,0
DA:105,0
DA:115,0
DA:119,0
DA:121,0
DA:125,0
DA:126,0
DA:128,0
DA:129,0
DA:130,0
DA:131,0
DA:132,0
DA:133,0
DA:135,0
DA:144,0
DA:145,0
DA:151,0
DA:152,0
DA:154,0
DA:157,0
DA:162,0
DA:167,0
LF:45
LH:0
BRDA:29,0,0,0
BRDA:29,0,1,0
BRDA:48,1,0,0
BRDA:48,1,1,0
BRDA:80,2,0,0
BRDA:80,2,1,0
BRDA:100,3,0,0
BRDA:100,3,1,0
BRDA:129,4,0,0
BRDA:129,4,1,0
BRF:10
BRH:0
end_of_record
TN:
SF:src/pages/capacidad/style.js
FNF:0
FNH:0
DA:3,0
DA:5,0
LF:2
LH:0
BRDA:9,0,0,0
BRDA:9,0,1,0
BRDA:86,1,0,0
BRDA:86,1,1,0
BRDA:106,2,0,0
BRDA:106,2,1,0
BRDA:107,3,0,0
BRDA:107,3,1,0
BRF:8
BRH:0
end_of_record
TN:
SF:src/pages/chart/chart.js
FN:11,groupBy
FN:15,(anonymous_1)
FN:26,(anonymous_2)
FN:27,(anonymous_3)
FN:39,(anonymous_4)
FN:55,(anonymous_5)
FN:71,(anonymous_6)
FN:77,(anonymous_7)
FN:80,(anonymous_8)
FN:85,(anonymous_9)
FN:89,(anonymous_10)
FN:92,(anonymous_11)
FN:98,(anonymous_12)
FN:152,(anonymous_13)
FN:169,(anonymous_14)
FN:177,(anonymous_15)
FN:179,(anonymous_16)
FNF:17
FNH:0
FNDA:0,groupBy
FNDA:0,(anonymous_1)
FNDA:0,(anonymous_2)
FNDA:0,(anonymous_3)
FNDA:0,(anonymous_4)
FNDA:0,(anonymous_5)
FNDA:0,(anonymous_6)
FNDA:0,(anonymous_7)
FNDA:0,(anonymous_8)
FNDA:0,(anonymous_9)
FNDA:0,(anonymous_10)
FNDA:0,(anonymous_11)
FNDA:0,(anonymous_12)
FNDA:0,(anonymous_13)
FNDA:0,(anonymous_14)
FNDA:0,(anonymous_15)
FNDA:0,(anonymous_16)
DA:12,0
DA:13,0
DA:15,0
DA:16,0
DA:17,0
DA:18,0
DA:19,0
DA:21,0
DA:23,0
DA:26,0
DA:28,0
DA:29,0
DA:30,0
DA:32,0
DA:33,0
DA:36,0
DA:38,0
DA:40,0
DA:41,0
DA:55,0
DA:56,0
DA:57,0
DA:58,0
DA:59,0
DA:60,0
DA:62,0
DA:63,0
DA:65,0
DA:72,0
DA:73,0
DA:74,0
DA:77,0
DA:78,0
DA:80,0
DA:81,0
DA:82,0
DA:85,0
DA:86,0
DA:88,0
DA:89,0
DA:90,0
DA:92,0
DA:93,0
DA:95,0
DA:96,0
DA:99,0
DA:100,0
DA:153,0
DA:154,0
DA:155,0
DA:169,0
DA:170,0
DA:171,0
DA:172,0
DA:177,0
DA:178,0
DA:180,0
DA:185,0
DA:190,0
LF:59
LH:0
BRDA:17,0,0,0
BRDA:17,0,1,0
BRDA:60,1,0,0
BRDA:60,1,1,0
BRDA:159,2,0,0
BRDA:159,2,1,0
BRF:6
BRH:0
end_of_record
TN:
SF:src/pages/chart/style.js
FNF:0
FNH:0
DA:3,0
DA:5,0
LF:2
LH:0
BRDA:9,0,0,0
BRDA:9,0,1,0
BRF:2
BRH:0
end_of_record
TN:
SF:src/pages/clientes/index.js
FN:19,(anonymous_0)
FN:22,(anonymous_1)
FN:23,(anonymous_2)
FN:35,(anonymous_3)
FN:36,(anonymous_4)
FN:39,(anonymous_5)
FN:44,(anonymous_6)
FN:45,(anonymous_7)
FN:49,(anonymous_8)
FN:61,(anonymous_9)
FN:77,(anonymous_10)
FN:82,(anonymous_11)
FN:98,(anonymous_12)
FN:117,(anonymous_13)
FN:118,(anonymous_14)
FN:132,(anonymous_15)
FN:174,(anonymous_16)
FN:201,(anonymous_17)
FN:215,(anonymous_18)
FNF:19
FNH:0
FNDA:0,(anonymous_0)
FNDA:0,(anonymous_1)
FNDA:0,(anonymous_2)
FNDA:0,(anonymous_3)
FNDA:0,(anonymous_4)
FNDA:0,(anonymous_5)
FNDA:0,(anonymous_6)
FNDA:0,(anonymous_7)
FNDA:0,(anonymous_8)
FNDA:0,(anonymous_9)
FNDA:0,(anonymous_10)
FNDA:0,(anonymous_11)
FNDA:0,(anonymous_12)
FNDA:0,(anonymous_13)
FNDA:0,(anonymous_14)
FNDA:0,(anonymous_15)
FNDA:0,(anonymous_16)
FNDA:0,(anonymous_17)
FNDA:0,(anonymous_18)
DA:17,0
DA:19,0
DA:20,0
DA:21,0
DA:22,0
DA:23,0
DA:24,0
DA:26,0
DA:35,0
DA:36,0
DA:39,0
DA:40,0
DA:44,0
DA:45,0
DA:46,0
DA:47,0
DA:49,0
DA:50,0
DA:58,0
DA:61,0
DA:62,0
DA:63,0
DA:64,0
DA:67,0
DA:69,0
DA:70,0
DA:71,0
DA:72,0
DA:73,0
DA:77,0
DA:78,0
DA:79,0
DA:82,0
DA:83,0
DA:85,0
DA:86,0
DA:87,0
DA:88,0
DA:90,0
DA:93,0
DA:94,0
DA:98,0
DA:99,0
DA:102,0
DA:103,0
DA:106,0
DA:107,0
DA:109,0
DA:117,0
DA:118,0
DA:119,0
DA:132,0
DA:174,0
DA:175,0
DA:176,0
DA:178,0
DA:179,0
DA:183,0
DA:184,0
DA:187,0
DA:188,0
DA:191,0
DA:194,0
DA:195,0
DA:197,0
DA:201,0
DA:215,0
DA:246,0
LF:68
LH:0
BRDA:22,0,0,0
BRDA:22,0,1,0
BRDA:23,1,0,0
BRDA:23,1,1,0
BRDA:47,2,0,0
BRDA:47,2,1,0
BRDA:47,3,0,0
BRDA:47,3,1,0
BRDA:69,4,0,0
BRDA:69,4,1,0
BRDA:69,5,0,0
BRDA:69,5,1,0
BRDA:72,6,0,0
BRDA:72,6,1,0
BRDA:72,7,0,0
BRDA:72,7,1,0
BRDA:77,8,0,0
BRDA:79,9,0,0
BRDA:79,9,1,0
BRDA:85,10,0,0
BRDA:85,10,1,0
BRDA:86,11,0,0
BRDA:86,11,1,0
BRDA:86,12,0,0
BRDA:86,12,1,0
BRDA:102,13,0,0
BRDA:102,13,1,0
BRDA:106,14,0,0
BRDA:106,14,1,0
BRDA:106,15,0,0
BRDA:106,15,1,0
BRDA:123,16,0,0
BRDA:123,16,1,0
BRDA:124,17,0,0
BRDA:124,17,1,0
BRDA:125,18,0,0
BRDA:125,18,1,0
BRDA:135,19,0,0
BRDA:135,19,1,0
BRDA:137,20,0,0
BRDA:137,20,1,0
BRDA:138,21,0,0
BRDA:138,21,1,0
BRDA:139,22,0,0
BRDA:139,22,1,0
BRDA:146,23,0,0
BRDA:146,23,1,0
BRDA:148,24,0,0
BRDA:148,24,1,0
BRDA:152,25,0,0
BRDA:152,25,1,0
BRDA:154,26,0,0
BRDA:154,26,1,0
BRDA:157,27,0,0
BRDA:157,27,1,0
BRDA:159,28,0,0
BRDA:159,28,1,0
BRDA:178,29,0,0
BRDA:178,29,1,0
BRDA:183,30,0,0
BRDA:183,30,1,0
BRDA:183,31,0,0
BRDA:183,31,1,0
BRDA:183,31,2,0
BRDA:187,32,0,0
BRDA:187,32,1,0
BRDA:187,33,0,0
BRDA:187,33,1,0
BRDA:199,34,0,0
BRDA:199,34,1,0
BRDA:199,35,0,0
BRDA:199,35,1,0
BRDA:199,35,2,0
BRDA:225,36,0,0
BRDA:225,36,1,0
BRF:75
BRH:0
end_of_record
TN:
SF:src/pages/clientes/style.js
FNF:0
FNH:0
DA:3,0
DA:5,0
LF:2
LH:0
BRDA:9,0,0,0
BRDA:9,0,1,0
BRDA:11,1,0,0
BRDA:11,1,1,0
BRDA:15,2,0,0
BRDA:15,2,1,0
BRDA:63,3,0,0
BRDA:63,3,1,0
BRF:8
BRH:0
end_of_record
TN:
SF:src/pages/components/cabezera.js
FN:9,(anonymous_0)
FN:15,(anonymous_1)
FN:26,(anonymous_2)
FN:35,(anonymous_3)
FN:40,(anonymous_4)
FN:47,(anonymous_5)
FN:56,(anonymous_6)
FN:70,(anonymous_7)
FNF:8
FNH:0
FNDA:0,(anonymous_0)
FNDA:0,(anonymous_1)
FNDA:0,(anonymous_2)
FNDA:0,(anonymous_3)
FNDA:0,(anonymous_4)
FNDA:0,(anonymous_5)
FNDA:0,(anonymous_6)
FNDA:0,(anonymous_7)
DA:10,0
DA:11,0
DA:16,0
DA:17,0
DA:18,0
DA:26,0
DA:35,0
DA:40,0
DA:47,0
DA:56,0
DA:70,0
DA:71,0
LF:12
LH:0
BRDA:21,0,0,0
BRDA:21,0,1,0
BRDA:31,1,0,0
BRDA:31,1,1,0
BRDA:52,2,0,0
BRDA:52,2,1,0
BRF:6
BRH:0
end_of_record
TN:
SF:src/pages/components/footer.js
FN:8,FooterComponent
FN:18,(anonymous_1)
FN:23,(anonymous_2)
FN:28,(anonymous_3)
FN:33,(anonymous_4)
FN:42,(anonymous_5)
FN:51,(anonymous_6)
FN:58,(anonymous_7)
FN:67,(anonymous_8)
FN:85,(anonymous_9)
FN:95,(anonymous_10)
FN:109,(anonymous_11)
FNF:12
FNH:0
FNDA:0,FooterComponent
FNDA:0,(anonymous_1)
FNDA:0,(anonymous_2)
FNDA:0,(anonymous_3)
FNDA:0,(anonymous_4)
FNDA:0,(anonymous_5)
FNDA:0,(anonymous_6)
FNDA:0,(anonymous_7)
FNDA:0,(anonymous_8)
FNDA:0,(anonymous_9)
FNDA:0,(anonymous_10)
FNDA:0,(anonymous_11)
DA:9,0
DA:10,0
DA:11,0
DA:12,0
DA:13,0
DA:14,0
DA:15,0
DA:16,0
DA:18,0
DA:19,0
DA:20,0
DA:23,0
DA:24,0
DA:25,0
DA:28,0
DA:29,0
DA:30,0
DA:33,0
DA:34,0
DA:35,0
DA:36,0
DA:37,0
DA:38,0
DA:39,0
DA:42,0
DA:43,0
DA:44,0
DA:45,0
DA:46,0
DA:47,0
DA:48,0
DA:51,0
DA:52,0
DA:53,0
DA:54,0
DA:55,0
DA:58,0
DA:59,0
DA:60,0
DA:61,0
DA:65,0
DA:67,0
DA:85,0
DA:95,0
DA:110,0
LF:45
LH:0
BRDA:70,0,0,0
BRDA:70,0,1,0
BRDA:70,0,2,0
BRDA:75,1,0,0
BRDA:75,1,1,0
BRDA:75,1,2,0
BRDA:82,2,0,0
BRDA:82,2,1,0
BRDA:85,3,0,0
BRDA:85,3,1,0
BRDA:95,4,0,0
BRDA:95,4,1,0
BRDA:99,5,0,0
BRDA:99,5,1,0
BRDA:110,6,0,0
BRDA:110,6,1,0
BRF:16
BRH:0
end_of_record
TN:
SF:src/pages/components/login.js
FN:17,(anonymous_0)
FN:27,(anonymous_1)
FN:34,(anonymous_2)
FN:41,(anonymous_3)
FN:48,(anonymous_4)
FN:55,(anonymous_5)
FN:63,(anonymous_6)
FN:68,(anonymous_7)
FN:75,(anonymous_8)
FN:82,(anonymous_9)
FN:90,(anonymous_10)
FN:95,(anonymous_11)
FN:105,(anonymous_12)
FN:110,(anonymous_13)
FN:118,(anonymous_14)
FN:130,(anonymous_15)
FN:136,(anonymous_16)
FN:143,(anonymous_17)
FN:148,(anonymous_18)
FN:156,(anonymous_19)
FN:167,(anonymous_20)
FN:174,(anonymous_21)
FN:178,(anonymous_22)
FN:194,(anonymous_23)
FN:212,(anonymous_24)
FN:219,(anonymous_25)
FN:225,(anonymous_26)
FN:230,(anonymous_27)
FN:236,(anonymous_28)
FN:244,(anonymous_29)
FN:251,(anonymous_30)
FN:257,(anonymous_31)
FN:258,(anonymous_32)
FN:266,(anonymous_33)
FN:278,(anonymous_34)
FN:281,(anonymous_35)
FN:285,(anonymous_36)
FN:295,(anonymous_37)
FN:298,(anonymous_38)
FN:303,(anonymous_39)
FN:307,(anonymous_40)
FN:312,(anonymous_41)
FN:318,(anonymous_42)
FN:326,(anonymous_43)
FN:328,(anonymous_44)
FN:331,(anonymous_45)
FNF:46
FNH:0
FNDA:0,(anonymous_0)
FNDA:0,(anonymous_1)
FNDA:0,(anonymous_2)
FNDA:0,(anonymous_3)
FNDA:0,(anonymous_4)
FNDA:0,(anonymous_5)
FNDA:0,(anonymous_6)
FNDA:0,(anonymous_7)
FNDA:0,(anonymous_8)
FNDA:0,(anonymous_9)
FNDA:0,(anonymous_10)
FNDA:0,(anonymous_11)
FNDA:0,(anonymous_12)
FNDA:0,(anonymous_13)
FNDA:0,(anonymous_14)
FNDA:0,(anonymous_15)
FNDA:0,(anonymous_16)
FNDA:0,(anonymous_17)
FNDA:0,(anonymous_18)
FNDA:0,(anonymous_19)
FNDA:0,(anonymous_20)
FNDA:0,(anonymous_21)
FNDA:0,(anonymous_22)
FNDA:0,(anonymous_23)
FNDA:0,(anonymous_24)
FNDA:0,(anonymous_25)
FNDA:0,(anonymous_26)
FNDA:0,(anonymous_27)
FNDA:0,(anonymous_28)
FNDA:0,(anonymous_29)
FNDA:0,(anonymous_30)
FNDA:0,(anonymous_31)
FNDA:0,(anonymous_32)
FNDA:0,(anonymous_33)
FNDA:0,(anonymous_34)
FNDA:0,(anonymous_35)
FNDA:0,(anonymous_36)
FNDA:0,(anonymous_37)
FNDA:0,(anonymous_38)
FNDA:0,(anonymous_39)
FNDA:0,(anonymous_40)
FNDA:0,(anonymous_41)
FNDA:0,(anonymous_42)
FNDA:0,(anonymous_43)
FNDA:0,(anonymous_44)
FNDA:0,(anonymous_45)
DA:18,0
DA:19,0
DA:35,0
DA:36,0
DA:41,0
DA:48,0
DA:55,0
DA:63,0
DA:68,0
DA:75,0
DA:82,0
DA:90,0
DA:95,0
DA:106,0
DA:107,0
DA:110,0
DA:118,0
DA:130,0
DA:136,0
DA:144,0
DA:145,0
DA:148,0
DA:156,0
DA:167,0
DA:175,0
DA:178,0
DA:194,0
DA:213,0
DA:214,0
DA:215,0
DA:216,0
DA:217,0
DA:218,0
DA:220,0
DA:221,0
DA:226,0
DA:229,0
DA:231,0
DA:232,0
DA:237,0
DA:241,0
DA:245,0
DA:246,0
DA:247,0
DA:248,0
DA:252,0
DA:253,0
DA:254,0
DA:257,0
DA:258,0
DA:266,0
DA:279,0
DA:280,0
DA:282,0
DA:283,0
DA:285,0
DA:286,0
DA:288,0
DA:289,0
DA:291,0
DA:296,0
DA:297,0
DA:299,0
DA:300,0
DA:304,0
DA:305,0
DA:306,0
DA:308,0
DA:313,0
DA:318,0
DA:319,0
DA:326,0
DA:327,0
DA:329,0
DA:333,0
LF:75
LH:0
BRDA:69,0,0,0
BRDA:69,0,1,0
BRDA:75,1,0,0
BRDA:75,1,1,0
BRDA:79,2,0,0
BRDA:79,2,1,0
BRDA:82,3,0,0
BRDA:82,3,1,0
BRDA:87,4,0,0
BRDA:87,4,1,0
BRDA:90,5,0,0
BRDA:90,5,1,0
BRDA:117,6,0,0
BRDA:117,6,1,0
BRDA:129,7,0,0
BRDA:129,7,1,0
BRDA:133,8,0,0
BRDA:133,8,1,0
BRDA:155,9,0,0
BRDA:155,9,1,0
BRDA:167,10,0,0
BRDA:167,10,1,0
BRDA:216,11,0,0
BRDA:216,11,1,0
BRDA:217,12,0,0
BRDA:217,12,1,0
BRDA:221,13,0,0
BRDA:221,13,1,0
BRDA:232,14,0,0
BRDA:232,14,1,0
BRDA:255,15,0,0
BRDA:255,15,1,0
BRDA:261,16,0,0
BRDA:261,16,1,0
BRDA:263,17,0,0
BRDA:263,17,1,0
BRDA:265,18,0,0
BRDA:265,18,1,0
BRDA:271,19,0,0
BRDA:271,19,1,0
BRDA:282,20,0,0
BRDA:282,20,1,0
BRDA:286,21,0,0
BRDA:286,21,1,0
BRDA:288,22,0,0
BRDA:288,22,1,0
BRDA:300,23,0,0
BRDA:300,23,1,0
BRDA:308,24,0,0
BRDA:308,24,1,0
BRDA:308,25,0,0
BRDA:308,25,1,0
BRF:52
BRH:0
end_of_record
TN:
SF:src/pages/components/style.js
FNF:0
FNH:0
DA:3,0
DA:4,0
LF:2
LH:0
BRF:0
BRH:0
end_of_record
TN:
SF:src/pages/components/subirDocumento.js
FN:8,(anonymous_0)
FN:12,(anonymous_1)
FN:14,(anonymous_2)
FN:15,(anonymous_3)
FN:27,(anonymous_4)
FN:30,(anonymous_5)
FN:36,(anonymous_6)
FN:65,(anonymous_7)
FN:68,(anonymous_8)
FN:71,(anonymous_9)
FN:74,(anonymous_10)
FN:80,(anonymous_11)
FN:88,(anonymous_12)
FN:91,(anonymous_13)
FN:96,(anonymous_14)
FN:98,(anonymous_15)
FN:108,(anonymous_16)
FN:115,(anonymous_17)
FN:119,(anonymous_18)
FN:123,(anonymous_19)
FN:134,(anonymous_20)
FN:148,(anonymous_21)
FNF:22
FNH:0
FNDA:0,(anonymous_0)
FNDA:0,(anonymous_1)
FNDA:0,(anonymous_2)
FNDA:0,(anonymous_3)
FNDA:0,(anonymous_4)
FNDA:0,(anonymous_5)
FNDA:0,(anonymous_6)
FNDA:0,(anonymous_7)
FNDA:0,(anonymous_8)
FNDA:0,(anonymous_9)
FNDA:0,(anonymous_10)
FNDA:0,(anonymous_11)
FNDA:0,(anonymous_12)
FNDA:0,(anonymous_13)
FNDA:0,(anonymous_14)
FNDA:0,(anonymous_15)
FNDA:0,(anonymous_16)
FNDA:0,(anonymous_17)
FNDA:0,(anonymous_18)
FNDA:0,(anonymous_19)
FNDA:0,(anonymous_20)
FNDA:0,(anonymous_21)
DA:8,0
DA:9,0
DA:10,0
DA:11,0
DA:12,0
DA:13,0
DA:14,0
DA:15,0
DA:16,0
DA:18,0
DA:20,0
DA:21,0
DA:28,0
DA:29,0
DA:30,0
DA:37,0
DA:38,0
DA:39,0
DA:43,0
DA:46,0
DA:52,0
DA:53,0
DA:54,0
DA:56,0
DA:59,0
DA:66,0
DA:68,0
DA:69,0
DA:71,0
DA:74,0
DA:81,0
DA:88,0
DA:91,0
DA:96,0
DA:98,0
DA:99,0
DA:101,0
DA:102,0
DA:103,0
DA:109,0
DA:110,0
DA:119,0
DA:123,0
DA:135,0
DA:136,0
DA:138,0
DA:148,0
LF:47
LH:0
BRDA:30,0,0,0
BRDA:30,0,1,0
BRDA:56,1,0,0
BRDA:56,1,1,0
BRDA:119,2,0,0
BRDA:119,2,1,0
BRDA:141,3,0,0
BRDA:141,3,1,0
BRDA:145,4,0,0
BRDA:145,4,1,0
BRDA:147,5,0,0
BRDA:147,5,1,0
BRDA:151,6,0,0
BRDA:151,6,1,0
BRDA:155,7,0,0
BRDA:155,7,1,0
BRF:16
BRH:0
end_of_record
TN:
SF:src/pages/components/tomarFoto.js
FN:9,(anonymous_0)
FN:15,(anonymous_1)
FN:27,(anonymous_2)
FN:45,(anonymous_3)
FN:56,(anonymous_4)
FN:72,(anonymous_5)
FN:76,(anonymous_6)
FN:84,(anonymous_7)
FN:89,(anonymous_8)
FN:99,(anonymous_9)
FN:107,(anonymous_10)
FN:115,(anonymous_11)
FN:118,(anonymous_12)
FN:122,(anonymous_13)
FN:123,(anonymous_14)
FN:130,(anonymous_15)
FN:137,(anonymous_16)
FN:141,(anonymous_17)
FN:145,(anonymous_18)
FN:148,(anonymous_19)
FN:160,(anonymous_20)
FN:174,(anonymous_21)
FNF:22
FNH:0
FNDA:0,(anonymous_0)
FNDA:0,(anonymous_1)
FNDA:0,(anonymous_2)
FNDA:0,(anonymous_3)
FNDA:0,(anonymous_4)
FNDA:0,(anonymous_5)
FNDA:0,(anonymous_6)
FNDA:0,(anonymous_7)
FNDA:0,(anonymous_8)
FNDA:0,(anonymous_9)
FNDA:0,(anonymous_10)
FNDA:0,(anonymous_11)
FNDA:0,(anonymous_12)
FNDA:0,(anonymous_13)
FNDA:0,(anonymous_14)
FNDA:0,(anonymous_15)
FNDA:0,(anonymous_16)
FNDA:0,(anonymous_17)
FNDA:0,(anonymous_18)
FNDA:0,(anonymous_19)
FNDA:0,(anonymous_20)
FNDA:0,(anonymous_21)
DA:10,0
DA:11,0
DA:16,0
DA:17,0
DA:27,0
DA:28,0
DA:29,0
DA:30,0
DA:38,0
DA:39,0
DA:40,0
DA:46,0
DA:47,0
DA:56,0
DA:57,0
DA:58,0
DA:59,0
DA:65,0
DA:66,0
DA:67,0
DA:73,0
DA:74,0
DA:76,0
DA:77,0
DA:78,0
DA:80,0
DA:84,0
DA:85,0
DA:90,0
DA:99,0
DA:108,0
DA:115,0
DA:118,0
DA:122,0
DA:123,0
DA:124,0
DA:125,0
DA:126,0
DA:127,0
DA:131,0
DA:132,0
DA:141,0
DA:145,0
DA:148,0
DA:161,0
DA:162,0
DA:164,0
DA:174,0
LF:48
LH:0
BRDA:28,0,0,0
BRDA:28,0,1,0
BRDA:32,1,0,0
BRDA:32,1,1,0
BRDA:33,2,0,0
BRDA:33,2,1,0
BRDA:57,3,0,0
BRDA:57,3,1,0
BRDA:61,4,0,0
BRDA:61,4,1,0
BRDA:62,5,0,0
BRDA:62,5,1,0
BRDA:77,6,0,0
BRDA:77,6,1,0
BRDA:141,7,0,0
BRDA:141,7,1,0
BRDA:167,8,0,0
BRDA:167,8,1,0
BRDA:171,9,0,0
BRDA:171,9,1,0
BRDA:173,10,0,0
BRDA:173,10,1,0
BRDA:177,11,0,0
BRDA:177,11,1,0
BRDA:181,12,0,0
BRDA:181,12,1,0
BRF:26
BRH:0
end_of_record
TN:
SF:src/pages/editar_perfil/editarPerfil.tsx
FN:84,(anonymous_0)
FN:87,(anonymous_1)
FN:148,(anonymous_2)
FN:149,(anonymous_3)
FN:151,(anonymous_4)
FN:152,(anonymous_5)
FN:200,(anonymous_6)
FN:260,(anonymous_7)
FN:263,(anonymous_8)
FN:267,(anonymous_9)
FN:271,(anonymous_10)
FN:275,(anonymous_11)
FN:278,(anonymous_12)
FN:281,(anonymous_13)
FN:286,(anonymous_14)
FN:293,(anonymous_15)
FN:296,(anonymous_16)
FN:303,(anonymous_17)
FN:312,(anonymous_18)
FN:315,(anonymous_19)
FN:322,(anonymous_20)
FN:357,(anonymous_21)
FN:366,(anonymous_22)
FN:378,(anonymous_23)
FN:389,(anonymous_24)
FN:398,(anonymous_25)
FN:404,(anonymous_26)
FN:426,(anonymous_27)
FN:448,(anonymous_28)
FN:449,(anonymous_29)
FN:465,(anonymous_30)
FN:480,(anonymous_31)
FN:494,(anonymous_32)
FN:504,(anonymous_33)
FN:527,(anonymous_34)
FN:543,(anonymous_35)
FN:554,(anonymous_36)
FN:568,(anonymous_37)
FN:584,(anonymous_38)
FN:587,(anonymous_39)
FN:610,(anonymous_40)
FN:628,(anonymous_41)
FN:629,(anonymous_42)
FN:638,(anonymous_43)
FN:653,(anonymous_44)
FN:660,(anonymous_45)
FN:668,(anonymous_46)
FN:676,(anonymous_47)
FN:681,(anonymous_48)
FN:686,(anonymous_49)
FN:693,(anonymous_50)
FN:699,(anonymous_51)
FN:708,(anonymous_52)
FN:711,(anonymous_53)
FN:717,(anonymous_54)
FN:720,(anonymous_55)
FN:725,(anonymous_56)
FN:729,(anonymous_57)
FN:731,(anonymous_58)
FN:736,(anonymous_59)
FN:738,(anonymous_60)
FN:743,(anonymous_61)
FN:747,(anonymous_62)
FN:753,(anonymous_63)
FN:754,(anonymous_64)
FN:758,(anonymous_65)
FN:760,(anonymous_66)
FN:763,(anonymous_67)
FN:770,(anonymous_68)
FN:776,(anonymous_69)
FN:783,(anonymous_70)
FN:784,(anonymous_71)
FN:788,(anonymous_72)
FN:790,(anonymous_73)
FN:793,(anonymous_74)
FN:798,(anonymous_75)
FN:804,(anonymous_76)
FN:827,(anonymous_77)
FN:842,(anonymous_78)
FN:850,(anonymous_79)
FN:858,(anonymous_80)
FN:863,(anonymous_81)
FN:865,(anonymous_82)
FN:880,(anonymous_83)
FN:887,(anonymous_84)
FN:896,(anonymous_85)
FN:903,(anonymous_86)
FN:913,(anonymous_87)
FN:919,(anonymous_88)
FN:929,(anonymous_89)
FN:937,(anonymous_90)
FN:947,(anonymous_91)
FN:948,(anonymous_92)
FN:949,(anonymous_93)
FN:960,(anonymous_94)
FN:961,(anonymous_95)
FN:962,(anonymous_96)
FN:973,(anonymous_97)
FN:974,(anonymous_98)
FN:975,(anonymous_99)
FN:981,(anonymous_100)
FN:993,(anonymous_101)
FN:997,(anonymous_102)
FN:1009,(anonymous_103)
FN:1018,(anonymous_104)
FN:1027,(anonymous_105)
FN:1036,(anonymous_106)
FN:1063,(anonymous_107)
FN:1065,(anonymous_108)
FN:1068,(anonymous_109)
FN:1071,(anonymous_110)
FN:1084,(anonymous_111)
FN:1093,(anonymous_112)
FN:1104,(anonymous_113)
FN:1113,(anonymous_114)
FN:1122,(anonymous_115)
FN:1140,(anonymous_116)
FN:1153,(anonymous_117)
FN:1155,(anonymous_118)
FN:1160,(anonymous_119)
FN:1166,(anonymous_120)
FN:1169,(anonymous_121)
FN:1172,(anonymous_122)
FN:1175,(anonymous_123)
FN:1180,(anonymous_124)
FN:1188,(anonymous_125)
FN:1193,(anonymous_126)
FN:1199,(anonymous_127)
FN:1204,(anonymous_128)
FN:1222,(anonymous_129)
FN:1227,(anonymous_130)
FN:1236,(anonymous_131)
FN:1245,(anonymous_132)
FN:1251,(anonymous_133)
FN:1256,(anonymous_134)
FNF:135
FNH:0
FNDA:0,(anonymous_0)
FNDA:0,(anonymous_1)
FNDA:0,(anonymous_2)
FNDA:0,(anonymous_3)
FNDA:0,(anonymous_4)
FNDA:0,(anonymous_5)
FNDA:0,(anonymous_6)
FNDA:0,(anonymous_7)
FNDA:0,(anonymous_8)
FNDA:0,(anonymous_9)
FNDA:0,(anonymous_10)
FNDA:0,(anonymous_11)
FNDA:0,(anonymous_12)
FNDA:0,(anonymous_13)
FNDA:0,(anonymous_14)
FNDA:0,(anonymous_15)
FNDA:0,(anonymous_16)
FNDA:0,(anonymous_17)
FNDA:0,(anonymous_18)
FNDA:0,(anonymous_19)
FNDA:0,(anonymous_20)
FNDA:0,(anonymous_21)
FNDA:0,(anonymous_22)
FNDA:0,(anonymous_23)
FNDA:0,(anonymous_24)
FNDA:0,(anonymous_25)
FNDA:0,(anonymous_26)
FNDA:0,(anonymous_27)
FNDA:0,(anonymous_28)
FNDA:0,(anonymous_29)
FNDA:0,(anonymous_30)
FNDA:0,(anonymous_31)
FNDA:0,(anonymous_32)
FNDA:0,(anonymous_33)
FNDA:0,(anonymous_34)
FNDA:0,(anonymous_35)
FNDA:0,(anonymous_36)
FNDA:0,(anonymous_37)
FNDA:0,(anonymous_38)
FNDA:0,(anonymous_39)
FNDA:0,(anonymous_40)
FNDA:0,(anonymous_41)
FNDA:0,(anonymous_42)
FNDA:0,(anonymous_43)
FNDA:0,(anonymous_44)
FNDA:0,(anonymous_45)
FNDA:0,(anonymous_46)
FNDA:0,(anonymous_47)
FNDA:0,(anonymous_48)
FNDA:0,(anonymous_49)
FNDA:0,(anonymous_50)
FNDA:0,(anonymous_51)
FNDA:0,(anonymous_52)
FNDA:0,(anonymous_53)
FNDA:0,(anonymous_54)
FNDA:0,(anonymous_55)
FNDA:0,(anonymous_56)
FNDA:0,(anonymous_57)
FNDA:0,(anonymous_58)
FNDA:0,(anonymous_59)
FNDA:0,(anonymous_60)
FNDA:0,(anonymous_61)
FNDA:0,(anonymous_62)
FNDA:0,(anonymous_63)
FNDA:0,(anonymous_64)
FNDA:0,(anonymous_65)
FNDA:0,(anonymous_66)
FNDA:0,(anonymous_67)
FNDA:0,(anonymous_68)
FNDA:0,(anonymous_69)
FNDA:0,(anonymous_70)
FNDA:0,(anonymous_71)
FNDA:0,(anonymous_72)
FNDA:0,(anonymous_73)
FNDA:0,(anonymous_74)
FNDA:0,(anonymous_75)
FNDA:0,(anonymous_76)
FNDA:0,(anonymous_77)
FNDA:0,(anonymous_78)
FNDA:0,(anonymous_79)
FNDA:0,(anonymous_80)
FNDA:0,(anonymous_81)
FNDA:0,(anonymous_82)
FNDA:0,(anonymous_83)
FNDA:0,(anonymous_84)
FNDA:0,(anonymous_85)
FNDA:0,(anonymous_86)
FNDA:0,(anonymous_87)
FNDA:0,(anonymous_88)
FNDA:0,(anonymous_89)
FNDA:0,(anonymous_90)
FNDA:0,(anonymous_91)
FNDA:0,(anonymous_92)
FNDA:0,(anonymous_93)
FNDA:0,(anonymous_94)
FNDA:0,(anonymous_95)
FNDA:0,(anonymous_96)
FNDA:0,(anonymous_97)
FNDA:0,(anonymous_98)
FNDA:0,(anonymous_99)
FNDA:0,(anonymous_100)
FNDA:0,(anonymous_101)
FNDA:0,(anonymous_102)
FNDA:0,(anonymous_103)
FNDA:0,(anonymous_104)
FNDA:0,(anonymous_105)
FNDA:0,(anonymous_106)
FNDA:0,(anonymous_107)
FNDA:0,(anonymous_108)
FNDA:0,(anonymous_109)
FNDA:0,(anonymous_110)
FNDA:0,(anonymous_111)
FNDA:0,(anonymous_112)
FNDA:0,(anonymous_113)
FNDA:0,(anonymous_114)
FNDA:0,(anonymous_115)
FNDA:0,(anonymous_116)
FNDA:0,(anonymous_117)
FNDA:0,(anonymous_118)
FNDA:0,(anonymous_119)
FNDA:0,(anonymous_120)
FNDA:0,(anonymous_121)
FNDA:0,(anonymous_122)
FNDA:0,(anonymous_123)
FNDA:0,(anonymous_124)
FNDA:0,(anonymous_125)
FNDA:0,(anonymous_126)
FNDA:0,(anonymous_127)
FNDA:0,(anonymous_128)
FNDA:0,(anonymous_129)
FNDA:0,(anonymous_130)
FNDA:0,(anonymous_131)
FNDA:0,(anonymous_132)
FNDA:0,(anonymous_133)
FNDA:0,(anonymous_134)
DA:84,0
DA:85,0
DA:86,0
DA:87,0
DA:89,0
DA:148,0
DA:149,0
DA:151,0
DA:152,0
DA:153,0
DA:154,0
DA:155,0
DA:157,0
DA:158,0
DA:159,0
DA:160,0
DA:161,0
DA:165,0
DA:166,0
DA:167,0
DA:168,0
DA:169,0
DA:170,0
DA:171,0
DA:191,0
DA:193,0
DA:194,0
DA:195,0
DA:196,0
DA:197,0
DA:198,0
DA:200,0
DA:201,0
DA:202,0
DA:203,0
DA:204,0
DA:217,0
DA:232,0
DA:233,0
DA:253,0
DA:258,0
DA:260,0
DA:261,0
DA:262,0
DA:263,0
DA:264,0
DA:267,0
DA:268,0
DA:271,0
DA:272,0
DA:275,0
DA:276,0
DA:278,0
DA:279,0
DA:281,0
DA:282,0
DA:284,0
DA:285,0
DA:287,0
DA:288,0
DA:290,0
DA:292,0
DA:294,0
DA:295,0
DA:296,0
DA:297,0
DA:301,0
DA:304,0
DA:305,0
DA:309,0
DA:310,0
DA:311,0
DA:313,0
DA:314,0
DA:315,0
DA:316,0
DA:320,0
DA:323,0
DA:324,0
DA:353,0
DA:355,0
DA:356,0
DA:357,0
DA:358,0
DA:362,0
DA:364,0
DA:365,0
DA:366,0
DA:367,0
DA:371,0
DA:375,0
DA:376,0
DA:377,0
DA:378,0
DA:379,0
DA:383,0
DA:385,0
DA:388,0
DA:389,0
DA:390,0
DA:394,0
DA:399,0
DA:400,0
DA:404,0
DA:405,0
DA:406,0
DA:407,0
DA:408,0
DA:409,0
DA:410,0
DA:412,0
DA:426,0
DA:448,0
DA:449,0
DA:465,0
DA:480,0
DA:494,0
DA:504,0
DA:527,0
DA:543,0
DA:554,0
DA:568,0
DA:584,0
DA:587,0
DA:610,0
DA:628,0
DA:629,0
DA:638,0
DA:653,0
DA:660,0
DA:668,0
DA:676,0
DA:681,0
DA:686,0
DA:693,0
DA:699,0
DA:708,0
DA:709,0
DA:710,0
DA:712,0
DA:713,0
DA:717,0
DA:718,0
DA:719,0
DA:721,0
DA:722,0
DA:729,0
DA:730,0
DA:731,0
DA:732,0
DA:734,0
DA:735,0
DA:737,0
DA:738,0
DA:739,0
DA:744,0
DA:747,0
DA:748,0
DA:749,0
DA:753,0
DA:754,0
DA:758,0
DA:759,0
DA:761,0
DA:762,0
DA:763,0
DA:764,0
DA:771,0
DA:772,0
DA:776,0
DA:777,0
DA:779,0
DA:783,0
DA:784,0
DA:788,0
DA:789,0
DA:791,0
DA:792,0
DA:793,0
DA:794,0
DA:799,0
DA:800,0
DA:804,0
DA:813,0
DA:814,0
DA:824,0
DA:825,0
DA:827,0
DA:828,0
DA:829,0
DA:840,0
DA:842,0
DA:843,0
DA:845,0
DA:850,0
DA:858,0
DA:864,0
DA:865,0
DA:880,0
DA:881,0
DA:882,0
DA:883,0
DA:884,0
DA:887,0
DA:888,0
DA:889,0
DA:896,0
DA:904,0
DA:905,0
DA:913,0
DA:919,0
DA:929,0
DA:937,0
DA:947,0
DA:948,0
DA:949,0
DA:960,0
DA:961,0
DA:962,0
DA:973,0
DA:974,0
DA:975,0
DA:981,0
DA:993,0
DA:997,0
DA:1009,0
DA:1010,0
DA:1011,0
DA:1018,0
DA:1027,0
DA:1036,0
DA:1049,0
DA:1051,0
DA:1063,0
DA:1064,0
DA:1065,0
DA:1066,0
DA:1068,0
DA:1069,0
DA:1071,0
DA:1072,0
DA:1073,0
DA:1075,0
DA:1079,0
DA:1084,0
DA:1085,0
DA:1086,0
DA:1087,0
DA:1088,0
DA:1089,0
DA:1090,0
DA:1091,0
DA:1092,0
DA:1094,0
DA:1095,0
DA:1096,0
DA:1097,0
DA:1098,0
DA:1100,0
DA:1105,0
DA:1113,0
DA:1114,0
DA:1115,0
DA:1116,0
DA:1117,0
DA:1118,0
DA:1122,0
DA:1126,0
DA:1127,0
DA:1129,0
DA:1130,0
DA:1132,0
DA:1135,0
DA:1136,0
DA:1140,0
DA:1145,0
DA:1153,0
DA:1154,0
DA:1155,0
DA:1156,0
DA:1157,0
DA:1160,0
DA:1161,0
DA:1164,0
DA:1166,0
DA:1167,0
DA:1168,0
DA:1169,0
DA:1170,0
DA:1172,0
DA:1173,0
DA:1175,0
DA:1176,0
DA:1179,0
DA:1182,0
DA:1183,0
DA:1184,0
DA:1185,0
DA:1186,0
DA:1187,0
DA:1189,0
DA:1190,0
DA:1194,0
DA:1195,0
DA:1198,0
DA:1200,0
DA:1201,0
DA:1202,0
DA:1205,0
DA:1206,0
DA:1210,0
DA:1211,0
DA:1212,0
DA:1214,0
DA:1218,0
DA:1219,0
DA:1223,0
DA:1224,0
DA:1227,0
DA:1228,0
DA:1229,0
DA:1230,0
DA:1232,0
DA:1233,0
DA:1235,0
DA:1237,0
DA:1238,0
DA:1239,0
DA:1240,0
DA:1242,0
DA:1246,0
DA:1251,0
DA:1252,0
DA:1253,0
DA:1254,0
DA:1256,0
DA:1257,0
DA:1258,0
DA:1259,0
DA:1260,0
DA:1261,0
DA:1262,0
LF:342
LH:0
BRDA:154,0,0,0
BRDA:154,0,1,0
BRDA:158,1,0,0
BRDA:158,1,1,0
BRDA:160,2,0,0
BRDA:160,2,1,0
BRDA:165,3,0,0
BRDA:165,3,1,0
BRDA:170,4,0,0
BRDA:170,4,1,0
BRDA:172,5,0,0
BRDA:172,5,1,0
BRDA:173,6,0,0
BRDA:173,6,1,0
BRDA:174,7,0,0
BRDA:174,7,1,0
BRDA:175,8,0,0
BRDA:175,8,1,0
BRDA:176,9,0,0
BRDA:176,9,1,0
BRDA:177,10,0,0
BRDA:177,10,1,0
BRDA:178,11,0,0
BRDA:178,11,1,0
BRDA:179,12,0,0
BRDA:179,12,1,0
BRDA:180,13,0,0
BRDA:180,13,1,0
BRDA:181,14,0,0
BRDA:181,14,1,0
BRDA:182,15,0,0
BRDA:182,15,1,0
BRDA:183,16,0,0
BRDA:183,16,1,0
BRDA:184,17,0,0
BRDA:184,17,1,0
BRDA:185,18,0,0
BRDA:185,18,1,0
BRDA:188,19,0,0
BRDA:188,19,1,0
BRDA:193,20,0,0
BRDA:193,20,1,0
BRDA:198,21,0,0
BRDA:198,21,1,0
BRDA:203,22,0,0
BRDA:203,22,1,0
BRDA:234,23,0,0
BRDA:234,23,1,0
BRDA:235,24,0,0
BRDA:235,24,1,0
BRDA:236,25,0,0
BRDA:236,25,1,0
BRDA:237,26,0,0
BRDA:237,26,1,0
BRDA:238,27,0,0
BRDA:238,27,1,0
BRDA:239,28,0,0
BRDA:239,28,1,0
BRDA:240,29,0,0
BRDA:240,29,1,0
BRDA:241,30,0,0
BRDA:241,30,1,0
BRDA:242,31,0,0
BRDA:242,31,1,0
BRDA:243,32,0,0
BRDA:243,32,1,0
BRDA:245,33,0,0
BRDA:245,33,1,0
BRDA:246,34,0,0
BRDA:246,34,1,0
BRDA:247,35,0,0
BRDA:247,35,1,0
BRDA:248,36,0,0
BRDA:248,36,1,0
BRDA:250,37,0,0
BRDA:250,37,1,0
BRDA:264,38,0,0
BRDA:264,38,1,0
BRDA:268,39,0,0
BRDA:268,39,1,0
BRDA:288,40,0,0
BRDA:288,40,1,0
BRDA:290,41,0,0
BRDA:290,41,1,0
BRDA:298,42,0,0
BRDA:298,42,1,0
BRDA:309,43,0,0
BRDA:309,43,1,0
BRDA:317,44,0,0
BRDA:317,44,1,0
BRDA:353,45,0,0
BRDA:353,45,1,0
BRDA:355,46,0,0
BRDA:355,46,1,0
BRDA:359,47,0,0
BRDA:359,47,1,0
BRDA:364,48,0,0
BRDA:364,48,1,0
BRDA:368,49,0,0
BRDA:368,49,1,0
BRDA:375,50,0,0
BRDA:375,50,1,0
BRDA:376,51,0,0
BRDA:376,51,1,0
BRDA:380,52,0,0
BRDA:380,52,1,0
BRDA:391,53,0,0
BRDA:391,53,1,0
BRDA:406,54,0,0
BRDA:406,54,1,0
BRDA:407,55,0,0
BRDA:407,55,1,0
BRDA:408,56,0,0
BRDA:408,56,1,0
BRDA:409,57,0,0
BRDA:409,57,1,0
BRDA:410,58,0,0
BRDA:410,58,1,0
BRDA:414,59,0,0
BRDA:414,59,1,0
BRDA:417,60,0,0
BRDA:417,60,1,0
BRDA:417,60,2,0
BRDA:417,60,3,0
BRDA:450,61,0,0
BRDA:450,61,1,0
BRDA:456,62,0,0
BRDA:456,62,1,0
BRDA:466,63,0,0
BRDA:466,63,1,0
BRDA:481,64,0,0
BRDA:481,64,1,0
BRDA:485,65,0,0
BRDA:485,65,1,0
BRDA:495,66,0,0
BRDA:495,66,1,0
BRDA:501,67,0,0
BRDA:501,67,1,0
BRDA:504,68,0,0
BRDA:504,68,1,0
BRDA:506,69,0,0
BRDA:506,69,1,0
BRDA:507,70,0,0
BRDA:507,70,1,0
BRDA:508,71,0,0
BRDA:508,71,1,0
BRDA:518,72,0,0
BRDA:518,72,1,0
BRDA:529,73,0,0
BRDA:529,73,1,0
BRDA:544,74,0,0
BRDA:544,74,1,0
BRDA:555,75,0,0
BRDA:555,75,1,0
BRDA:560,76,0,0
BRDA:560,76,1,0
BRDA:569,77,0,0
BRDA:569,77,1,0
BRDA:575,78,0,0
BRDA:575,78,1,0
BRDA:585,79,0,0
BRDA:585,79,1,0
BRDA:586,80,0,0
BRDA:586,80,1,0
BRDA:595,81,0,0
BRDA:595,81,1,0
BRDA:635,82,0,0
BRDA:635,82,1,0
BRDA:635,82,2,0
BRDA:635,82,3,0
BRDA:635,82,4,0
BRDA:638,83,0,0
BRDA:638,83,1,0
BRDA:639,84,0,0
BRDA:639,84,1,0
BRDA:646,85,0,0
BRDA:646,85,1,0
BRDA:659,86,0,0
BRDA:659,86,1,0
BRDA:659,86,2,0
BRDA:659,86,3,0
BRDA:660,87,0,0
BRDA:660,87,1,0
BRDA:661,88,0,0
BRDA:661,88,1,0
BRDA:667,89,0,0
BRDA:667,89,1,0
BRDA:667,89,2,0
BRDA:667,89,3,0
BRDA:675,90,0,0
BRDA:675,90,1,0
BRDA:677,91,0,0
BRDA:677,91,1,0
BRDA:678,92,0,0
BRDA:678,92,1,0
BRDA:680,93,0,0
BRDA:680,93,1,0
BRDA:680,94,0,0
BRDA:680,94,1,0
BRDA:680,94,2,0
BRDA:682,95,0,0
BRDA:682,95,1,0
BRDA:683,96,0,0
BRDA:683,96,1,0
BRDA:685,97,0,0
BRDA:685,97,1,0
BRDA:685,97,2,0
BRDA:687,98,0,0
BRDA:687,98,1,0
BRDA:688,99,0,0
BRDA:688,99,1,0
BRDA:692,100,0,0
BRDA:692,100,1,0
BRDA:692,100,2,0
BRDA:692,100,3,0
BRDA:698,101,0,0
BRDA:698,101,1,0
BRDA:698,101,2,0
BRDA:698,101,3,0
BRDA:712,102,0,0
BRDA:712,102,1,0
BRDA:721,103,0,0
BRDA:721,103,1,0
BRDA:721,104,0,0
BRDA:721,104,1,0
BRDA:737,105,0,0
BRDA:737,105,1,0
BRDA:761,106,0,0
BRDA:761,106,1,0
BRDA:765,107,0,0
BRDA:765,107,1,0
BRDA:780,108,0,0
BRDA:780,108,1,0
BRDA:791,109,0,0
BRDA:791,109,1,0
BRDA:792,110,0,0
BRDA:792,110,1,0
BRDA:829,111,0,0
BRDA:829,111,1,0
BRDA:831,112,0,0
BRDA:831,112,1,0
BRDA:833,113,0,0
BRDA:833,113,1,0
BRDA:835,114,0,0
BRDA:835,114,1,0
BRDA:837,115,0,0
BRDA:837,115,1,0
BRDA:867,116,0,0
BRDA:867,116,1,0
BRDA:891,117,0,0
BRDA:891,117,1,0
BRDA:894,118,0,0
BRDA:894,118,1,0
BRDA:912,119,0,0
BRDA:912,119,1,0
BRDA:920,120,0,0
BRDA:920,120,1,0
BRDA:938,121,0,0
BRDA:938,121,1,0
BRDA:938,122,0,0
BRDA:938,122,1,0
BRDA:938,122,2,0
BRDA:941,123,0,0
BRDA:941,123,1,0
BRDA:941,123,2,0
BRDA:954,124,0,0
BRDA:954,124,1,0
BRDA:954,124,2,0
BRDA:967,125,0,0
BRDA:967,125,1,0
BRDA:967,125,2,0
BRDA:976,126,0,0
BRDA:976,126,1,0
BRDA:980,127,0,0
BRDA:980,127,1,0
BRDA:1037,128,0,0
BRDA:1037,128,1,0
BRDA:1038,129,0,0
BRDA:1038,129,1,0
BRDA:1041,130,0,0
BRDA:1041,130,1,0
BRDA:1053,131,0,0
BRDA:1053,131,1,0
BRDA:1055,132,0,0
BRDA:1055,132,1,0
BRDA:1072,133,0,0
BRDA:1072,133,1,0
BRDA:1079,134,0,0
BRDA:1079,134,1,0
BRDA:1088,135,0,0
BRDA:1088,135,1,0
BRDA:1095,136,0,0
BRDA:1095,136,1,0
BRDA:1096,137,0,0
BRDA:1096,137,1,0
BRDA:1116,138,0,0
BRDA:1116,138,1,0
BRDA:1117,139,0,0
BRDA:1117,139,1,0
BRDA:1117,140,0,0
BRDA:1117,140,1,0
BRDA:1117,140,2,0
BRDA:1117,140,3,0
BRDA:1117,140,4,0
BRDA:1117,140,5,0
BRDA:1126,141,0,0
BRDA:1126,141,1,0
BRDA:1129,142,0,0
BRDA:1129,142,1,0
BRDA:1132,143,0,0
BRDA:1132,143,1,0
BRDA:1135,144,0,0
BRDA:1135,144,1,0
BRDA:1135,145,0,0
BRDA:1135,145,1,0
BRDA:1135,145,2,0
BRDA:1135,145,3,0
BRDA:1135,145,4,0
BRDA:1145,146,0,0
BRDA:1145,146,1,0
BRDA:1156,147,0,0
BRDA:1156,147,1,0
BRDA:1156,148,0,0
BRDA:1156,148,1,0
BRDA:1183,149,0,0
BRDA:1183,149,1,0
BRDA:1185,150,0,0
BRDA:1185,150,1,0
BRDA:1186,151,0,0
BRDA:1186,151,1,0
BRDA:1210,152,0,0
BRDA:1210,152,1,0
BRDA:1229,153,0,0
BRDA:1229,153,1,0
BRDA:1229,154,0,0
BRDA:1229,154,1,0
BRDA:1232,155,0,0
BRDA:1232,155,1,0
BRDA:1238,156,0,0
BRDA:1238,156,1,0
BRDA:1258,157,0,0
BRDA:1258,157,1,0
BRDA:1259,158,0,0
BRDA:1259,158,1,0
BRF:344
BRH:0
end_of_record
TN:
SF:src/pages/editar_perfil/style.js
FNF:0
FNH:0
DA:3,0
DA:5,0
LF:2
LH:0
BRDA:171,0,0,0
BRDA:171,0,1,0
BRDA:182,1,0,0
BRDA:182,1,1,0
BRDA:208,2,0,0
BRDA:208,2,1,0
BRDA:228,3,0,0
BRDA:228,3,1,0
BRDA:273,4,0,0
BRDA:273,4,1,0
BRF:10
BRH:0
end_of_record
TN:
SF:src/pages/editar_perfil/types.ts
FNF:0
FNH:0
LF:0
LH:0
BRF:0
BRH:0
end_of_record
TN:
SF:src/pages/frecuencia/frecuencia.js
FN:13,(anonymous_0)
FN:23,(anonymous_1)
FN:26,(anonymous_2)
FN:30,(anonymous_3)
FN:36,(anonymous_4)
FN:40,(anonymous_5)
FN:54,(anonymous_6)
FN:58,(anonymous_7)
FN:60,(anonymous_8)
FN:66,(anonymous_9)
FN:79,(anonymous_10)
FN:94,(anonymous_11)
FN:99,(anonymous_12)
FN:101,(anonymous_13)
FN:105,(anonymous_14)
FN:107,(anonymous_15)
FN:119,(anonymous_16)
FN:128,(anonymous_17)
FN:130,(anonymous_18)
FNF:19
FNH:0
FNDA:0,(anonymous_0)
FNDA:0,(anonymous_1)
FNDA:0,(anonymous_2)
FNDA:0,(anonymous_3)
FNDA:0,(anonymous_4)
FNDA:0,(anonymous_5)
FNDA:0,(anonymous_6)
FNDA:0,(anonymous_7)
FNDA:0,(anonymous_8)
FNDA:0,(anonymous_9)
FNDA:0,(anonymous_10)
FNDA:0,(anonymous_11)
FNDA:0,(anonymous_12)
FNDA:0,(anonymous_13)
FNDA:0,(anonymous_14)
FNDA:0,(anonymous_15)
FNDA:0,(anonymous_16)
FNDA:0,(anonymous_17)
FNDA:0,(anonymous_18)
DA:14,0
DA:15,0
DA:24,0
DA:27,0
DA:31,0
DA:32,0
DA:33,0
DA:34,0
DA:35,0
DA:36,0
DA:43,0
DA:44,0
DA:46,0
DA:47,0
DA:54,0
DA:58,0
DA:61,0
DA:66,0
DA:79,0
DA:95,0
DA:99,0
DA:101,0
DA:105,0
DA:106,0
DA:108,0
DA:109,0
DA:110,0
DA:111,0
DA:113,0
DA:119,0
DA:120,0
DA:121,0
DA:128,0
DA:129,0
DA:131,0
LF:35
LH:0
BRDA:34,0,0,0
BRDA:34,0,1,0
BRDA:62,1,0,0
BRDA:62,1,1,0
BRDA:70,2,0,0
BRDA:70,2,1,0
BRDA:70,3,0,0
BRDA:70,3,1,0
BRDA:72,4,0,0
BRDA:72,4,1,0
BRDA:73,5,0,0
BRDA:73,5,1,0
BRDA:109,6,0,0
BRDA:109,6,1,0
BRF:14
BRH:0
end_of_record
TN:
SF:src/pages/frecuencia/style.js
FNF:0
FNH:0
DA:3,0
DA:5,0
LF:2
LH:0
BRDA:9,0,0,0
BRDA:9,0,1,0
BRDA:57,1,0,0
BRDA:57,1,1,0
BRF:4
BRH:0
end_of_record
TN:
SF:src/pages/home/index.js
FN:12,(anonymous_0)
FN:16,(anonymous_1)
FN:21,(anonymous_2)
FN:24,(anonymous_3)
FN:29,(anonymous_4)
FN:37,(anonymous_5)
FN:52,(anonymous_6)
FN:55,(anonymous_7)
FNF:8
FNH:0
FNDA:0,(anonymous_0)
FNDA:0,(anonymous_1)
FNDA:0,(anonymous_2)
FNDA:0,(anonymous_3)
FNDA:0,(anonymous_4)
FNDA:0,(anonymous_5)
FNDA:0,(anonymous_6)
FNDA:0,(anonymous_7)
DA:12,0
DA:13,0
DA:14,0
DA:15,0
DA:16,0
DA:17,0
DA:18,0
DA:21,0
DA:22,0
DA:24,0
DA:29,0
DA:38,0
DA:52,0
DA:53,0
DA:55,0
DA:62,0
LF:16
LH:0
BRDA:14,0,0,0
BRDA:14,0,1,0
BRDA:24,1,0,0
BRDA:24,1,1,0
BRDA:28,2,0,0
BRDA:28,2,1,0
BRDA:34,3,0,0
BRDA:34,3,1,0
BRDA:38,4,0,0
BRDA:38,4,1,0
BRDA:38,5,0,0
BRDA:38,5,1,0
BRDA:40,6,0,0
BRDA:40,6,1,0
BRDA:55,7,0,0
BRDA:55,7,1,0
BRF:16
BRH:0
end_of_record
TN:
SF:src/pages/home/style.js
FNF:0
FNH:0
DA:3,0
DA:5,0
LF:2
LH:0
BRDA:18,0,0,0
BRDA:18,0,1,0
BRDA:71,1,0,0
BRDA:71,1,1,0
BRDA:92,2,0,0
BRDA:92,2,1,0
BRDA:93,3,0,0
BRDA:93,3,1,0
BRF:8
BRH:0
end_of_record
TN:
SF:src/pages/iniciar_sesion/index.js
FN:11,(anonymous_0)
FN:19,(anonymous_1)
FN:23,(anonymous_2)
FN:28,(anonymous_3)
FN:40,(anonymous_4)
FN:45,(anonymous_5)
FN:52,(anonymous_6)
FN:60,(anonymous_7)
FN:70,(anonymous_8)
FN:78,(anonymous_9)
FN:90,(anonymous_10)
FN:98,(anonymous_11)
FN:107,(anonymous_12)
FN:116,(anonymous_13)
FN:170,(anonymous_14)
FN:195,(anonymous_15)
FN:201,(anonymous_16)
FNF:17
FNH:0
FNDA:0,(anonymous_0)
FNDA:0,(anonymous_1)
FNDA:0,(anonymous_2)
FNDA:0,(anonymous_3)
FNDA:0,(anonymous_4)
FNDA:0,(anonymous_5)
FNDA:0,(anonymous_6)
FNDA:0,(anonymous_7)
FNDA:0,(anonymous_8)
FNDA:0,(anonymous_9)
FNDA:0,(anonymous_10)
FNDA:0,(anonymous_11)
FNDA:0,(anonymous_12)
FNDA:0,(anonymous_13)
FNDA:0,(anonymous_14)
FNDA:0,(anonymous_15)
FNDA:0,(anonymous_16)
DA:11,0
DA:13,0
DA:15,0
DA:16,0
DA:17,0
DA:19,0
DA:20,0
DA:23,0
DA:24,0
DA:25,0
DA:26,0
DA:28,0
DA:29,0
DA:31,0
DA:32,0
DA:33,0
DA:36,0
DA:40,0
DA:41,0
DA:42,0
DA:45,0
DA:46,0
DA:48,0
DA:49,0
DA:52,0
DA:53,0
DA:54,0
DA:56,0
DA:57,0
DA:60,0
DA:61,0
DA:70,0
DA:79,0
DA:90,0
DA:91,0
DA:98,0
DA:107,0
DA:116,0
DA:170,0
DA:171,0
DA:172,0
DA:177,0
DA:195,0
DA:196,0
DA:201,0
DA:202,0
LF:46
LH:0
BRDA:25,0,0,0
BRDA:25,0,1,0
BRDA:26,1,0,0
BRDA:26,1,1,0
BRDA:32,2,0,0
BRDA:32,2,1,0
BRDA:42,3,0,0
BRDA:42,3,1,0
BRDA:67,4,0,0
BRDA:67,4,1,0
BRDA:79,5,0,0
BRDA:79,5,1,0
BRDA:113,6,0,0
BRDA:113,6,1,0
BRDA:114,7,0,0
BRDA:114,7,1,0
BRF:16
BRH:0
end_of_record
TN:
SF:src/pages/iniciar_sesion/style.js
FNF:0
FNH:0
DA:4,0
DA:6,0
LF:2
LH:0
BRDA:124,0,0,0
BRDA:124,0,1,0
BRF:2
BRH:0
end_of_record
TN:
SF:src/pages/nuevo_pedido/index.js
FN:22,(anonymous_0)
FN:29,(anonymous_1)
FN:72,(anonymous_2)
FN:73,(anonymous_3)
FN:88,(anonymous_4)
FN:98,(anonymous_5)
FN:104,(anonymous_6)
FN:110,(anonymous_7)
FN:129,(anonymous_8)
FN:154,(anonymous_9)
FN:155,(anonymous_10)
FN:160,(anonymous_11)
FN:180,(anonymous_12)
FN:193,(anonymous_13)
FN:193,(anonymous_14)
FN:206,(anonymous_15)
FN:206,(anonymous_16)
FN:215,(anonymous_17)
FN:224,(anonymous_18)
FN:224,(anonymous_19)
FN:239,(anonymous_20)
FN:239,(anonymous_21)
FN:243,(anonymous_22)
FN:246,(anonymous_23)
FN:266,(anonymous_24)
FN:291,(anonymous_25)
FN:291,(anonymous_26)
FN:299,(anonymous_27)
FN:299,(anonymous_28)
FN:307,(anonymous_29)
FN:307,(anonymous_30)
FN:328,(anonymous_31)
FN:328,(anonymous_32)
FN:344,(anonymous_33)
FN:344,(anonymous_34)
FN:350,(anonymous_35)
FN:350,(anonymous_36)
FN:365,(anonymous_37)
FN:365,(anonymous_38)
FN:379,(anonymous_39)
FN:380,(anonymous_40)
FN:401,(anonymous_41)
FN:401,(anonymous_42)
FN:414,(anonymous_43)
FN:414,(anonymous_44)
FN:428,(anonymous_45)
FN:428,(anonymous_46)
FN:440,(anonymous_47)
FN:440,(anonymous_48)
FN:466,(anonymous_49)
FN:471,(anonymous_50)
FN:471,(anonymous_51)
FN:489,(anonymous_52)
FN:510,(anonymous_53)
FN:510,(anonymous_54)
FN:518,(anonymous_55)
FN:519,(anonymous_56)
FN:529,(anonymous_57)
FN:529,(anonymous_58)
FN:537,(anonymous_59)
FN:568,(anonymous_60)
FN:569,(anonymous_61)
FN:578,(anonymous_62)
FN:587,(anonymous_63)
FN:587,(anonymous_64)
FN:590,(anonymous_65)
FN:590,(anonymous_66)
FN:599,(anonymous_67)
FN:600,(anonymous_68)
FN:623,(anonymous_69)
FN:624,(anonymous_70)
FN:639,(anonymous_71)
FN:640,(anonymous_72)
FN:640,(anonymous_73)
FN:651,(anonymous_74)
FN:655,(anonymous_75)
FN:658,(anonymous_76)
FN:684,(anonymous_77)
FN:694,(anonymous_78)
FN:715,(anonymous_79)
FN:721,(anonymous_80)
FN:723,(anonymous_81)
FNF:82
FNH:0
FNDA:0,(anonymous_0)
FNDA:0,(anonymous_1)
FNDA:0,(anonymous_2)
FNDA:0,(anonymous_3)
FNDA:0,(anonymous_4)
FNDA:0,(anonymous_5)
FNDA:0,(anonymous_6)
FNDA:0,(anonymous_7)
FNDA:0,(anonymous_8)
FNDA:0,(anonymous_9)
FNDA:0,(anonymous_10)
FNDA:0,(anonymous_11)
FNDA:0,(anonymous_12)
FNDA:0,(anonymous_13)
FNDA:0,(anonymous_14)
FNDA:0,(anonymous_15)
FNDA:0,(anonymous_16)
FNDA:0,(anonymous_17)
FNDA:0,(anonymous_18)
FNDA:0,(anonymous_19)
FNDA:0,(anonymous_20)
FNDA:0,(anonymous_21)
FNDA:0,(anonymous_22)
FNDA:0,(anonymous_23)
FNDA:0,(anonymous_24)
FNDA:0,(anonymous_25)
FNDA:0,(anonymous_26)
FNDA:0,(anonymous_27)
FNDA:0,(anonymous_28)
FNDA:0,(anonymous_29)
FNDA:0,(anonymous_30)
FNDA:0,(anonymous_31)
FNDA:0,(anonymous_32)
FNDA:0,(anonymous_33)
FNDA:0,(anonymous_34)
FNDA:0,(anonymous_35)
FNDA:0,(anonymous_36)
FNDA:0,(anonymous_37)
FNDA:0,(anonymous_38)
FNDA:0,(anonymous_39)
FNDA:0,(anonymous_40)
FNDA:0,(anonymous_41)
FNDA:0,(anonymous_42)
FNDA:0,(anonymous_43)
FNDA:0,(anonymous_44)
FNDA:0,(anonymous_45)
FNDA:0,(anonymous_46)
FNDA:0,(anonymous_47)
FNDA:0,(anonymous_48)
FNDA:0,(anonymous_49)
FNDA:0,(anonymous_50)
FNDA:0,(anonymous_51)
FNDA:0,(anonymous_52)
FNDA:0,(anonymous_53)
FNDA:0,(anonymous_54)
FNDA:0,(anonymous_55)
FNDA:0,(anonymous_56)
FNDA:0,(anonymous_57)
FNDA:0,(anonymous_58)
FNDA:0,(anonymous_59)
FNDA:0,(anonymous_60)
FNDA:0,(anonymous_61)
FNDA:0,(anonymous_62)
FNDA:0,(anonymous_63)
FNDA:0,(anonymous_64)
FNDA:0,(anonymous_65)
FNDA:0,(anonymous_66)
FNDA:0,(anonymous_67)
FNDA:0,(anonymous_68)
FNDA:0,(anonymous_69)
FNDA:0,(anonymous_70)
FNDA:0,(anonymous_71)
FNDA:0,(anonymous_72)
FNDA:0,(anonymous_73)
FNDA:0,(anonymous_74)
FNDA:0,(anonymous_75)
FNDA:0,(anonymous_76)
FNDA:0,(anonymous_77)
FNDA:0,(anonymous_78)
FNDA:0,(anonymous_79)
FNDA:0,(anonymous_80)
FNDA:0,(anonymous_81)
DA:22,0
DA:23,0
DA:24,0
DA:25,0
DA:26,0
DA:29,0
DA:31,0
DA:32,0
DA:34,0
DA:37,0
DA:72,0
DA:73,0
DA:75,0
DA:76,0
DA:78,0
DA:80,0
DA:84,0
DA:85,0
DA:88,0
DA:90,0
DA:91,0
DA:95,0
DA:98,0
DA:99,0
DA:100,0
DA:101,0
DA:102,0
DA:103,0
DA:104,0
DA:110,0
DA:113,0
DA:120,0
DA:121,0
DA:129,0
DA:130,0
DA:133,0
DA:134,0
DA:139,0
DA:142,0
DA:143,0
DA:146,0
DA:147,0
DA:154,0
DA:155,0
DA:156,0
DA:160,0
DA:180,0
DA:181,0
DA:184,0
DA:185,0
DA:188,0
DA:193,0
DA:206,0
DA:215,0
DA:216,0
DA:217,0
DA:224,0
DA:239,0
DA:244,0
DA:245,0
DA:246,0
DA:248,0
DA:266,0
DA:283,0
DA:285,0
DA:291,0
DA:299,0
DA:307,0
DA:328,0
DA:344,0
DA:350,0
DA:365,0
DA:380,0
DA:401,0
DA:414,0
DA:428,0
DA:440,0
DA:467,0
DA:471,0
DA:490,0
DA:510,0
DA:519,0
DA:529,0
DA:539,0
DA:540,0
DA:541,0
DA:542,0
DA:543,0
DA:544,0
DA:545,0
DA:546,0
DA:547,0
DA:548,0
DA:549,0
DA:550,0
DA:551,0
DA:552,0
DA:553,0
DA:554,0
DA:555,0
DA:556,0
DA:568,0
DA:569,0
DA:576,0
DA:578,0
DA:579,0
DA:582,0
DA:583,0
DA:585,0
DA:587,0
DA:590,0
DA:600,0
DA:606,0
DA:623,0
DA:624,0
DA:625,0
DA:626,0
DA:627,0
DA:629,0
DA:630,0
DA:631,0
DA:632,0
DA:633,0
DA:634,0
DA:635,0
DA:639,0
DA:640,0
DA:645,0
DA:648,0
DA:651,0
DA:654,0
DA:655,0
DA:658,0
DA:659,0
DA:661,0
DA:662,0
DA:664,0
DA:678,0
DA:679,0
DA:680,0
DA:684,0
DA:693,0
DA:694,0
DA:695,0
DA:699,0
DA:701,0
DA:715,0
DA:716,0
DA:721,0
DA:722,0
DA:724,0
LF:151
LH:0
BRDA:31,0,0,0
BRDA:31,0,1,0
BRDA:34,1,0,0
BRDA:34,1,1,0
BRDA:75,2,0,0
BRDA:75,2,1,0
BRDA:84,3,0,0
BRDA:84,3,1,0
BRDA:84,4,0,0
BRDA:84,4,1,0
BRDA:90,5,0,0
BRDA:90,5,1,0
BRDA:102,6,0,0
BRDA:102,6,1,0
BRDA:103,7,0,0
BRDA:103,7,1,0
BRDA:133,8,0,0
BRDA:133,8,1,0
BRDA:157,9,0,0
BRDA:157,9,1,0
BRDA:164,10,0,0
BRDA:164,10,1,0
BRDA:165,11,0,0
BRDA:165,11,1,0
BRDA:166,12,0,0
BRDA:166,12,1,0
BRDA:169,13,0,0
BRDA:169,13,1,0
BRDA:170,14,0,0
BRDA:170,14,1,0
BRDA:184,15,0,0
BRDA:184,15,1,0
BRDA:190,16,0,0
BRDA:190,16,1,0
BRDA:244,17,0,0
BRDA:244,17,1,0
BRDA:255,18,0,0
BRDA:255,18,1,0
BRDA:287,19,0,0
BRDA:287,19,1,0
BRDA:296,20,0,0
BRDA:296,20,1,0
BRDA:304,21,0,0
BRDA:304,21,1,0
BRDA:312,22,0,0
BRDA:312,22,1,0
BRDA:315,23,0,0
BRDA:315,23,1,0
BRDA:331,24,0,0
BRDA:331,24,1,0
BRDA:347,25,0,0
BRDA:347,25,1,0
BRDA:372,26,0,0
BRDA:372,26,1,0
BRDA:388,27,0,0
BRDA:388,27,1,0
BRDA:394,28,0,0
BRDA:394,28,1,0
BRDA:395,29,0,0
BRDA:395,29,1,0
BRDA:402,30,0,0
BRDA:402,30,1,0
BRDA:408,31,0,0
BRDA:408,31,1,0
BRDA:415,32,0,0
BRDA:415,32,1,0
BRDA:429,33,0,0
BRDA:429,33,1,0
BRDA:441,34,0,0
BRDA:441,34,1,0
BRDA:462,35,0,0
BRDA:462,35,1,0
BRDA:463,36,0,0
BRDA:463,36,1,0
BRDA:477,37,0,0
BRDA:477,37,1,0
BRDA:479,38,0,0
BRDA:479,38,1,0
BRDA:483,39,0,0
BRDA:483,39,1,0
BRDA:497,40,0,0
BRDA:497,40,1,0
BRDA:497,41,0,0
BRDA:497,41,1,0
BRDA:499,42,0,0
BRDA:499,42,1,0
BRDA:507,43,0,0
BRDA:507,43,1,0
BRDA:536,44,0,0
BRDA:536,44,1,0
BRDA:539,45,0,0
BRDA:539,45,1,0
BRDA:539,46,0,0
BRDA:539,46,1,0
BRDA:539,46,2,0
BRDA:539,46,3,0
BRDA:539,46,4,0
BRDA:539,46,5,0
BRDA:541,47,0,0
BRDA:541,47,1,0
BRDA:541,48,0,0
BRDA:541,48,1,0
BRDA:541,48,2,0
BRDA:541,48,3,0
BRDA:541,48,4,0
BRDA:541,48,5,0
BRDA:543,49,0,0
BRDA:543,49,1,0
BRDA:545,50,0,0
BRDA:545,50,1,0
BRDA:545,51,0,0
BRDA:545,51,1,0
BRDA:547,52,0,0
BRDA:547,52,1,0
BRDA:547,53,0,0
BRDA:547,53,1,0
BRDA:549,54,0,0
BRDA:549,54,1,0
BRDA:549,55,0,0
BRDA:549,55,1,0
BRDA:549,55,2,0
BRDA:551,56,0,0
BRDA:551,56,1,0
BRDA:551,57,0,0
BRDA:551,57,1,0
BRDA:551,57,2,0
BRDA:553,58,0,0
BRDA:553,58,1,0
BRDA:555,59,0,0
BRDA:555,59,1,0
BRDA:560,60,0,0
BRDA:560,60,1,0
BRDA:561,61,0,0
BRDA:561,61,1,0
BRDA:561,62,0,0
BRDA:561,62,1,0
BRDA:562,63,0,0
BRDA:562,63,1,0
BRDA:582,64,0,0
BRDA:582,64,1,0
BRDA:612,65,0,0
BRDA:612,65,1,0
BRDA:626,66,0,0
BRDA:626,66,1,0
BRDA:633,67,0,0
BRDA:633,67,1,0
BRDA:634,68,0,0
BRDA:634,68,1,0
BRDA:648,69,0,0
BRDA:648,69,1,0
BRDA:661,70,0,0
BRDA:661,70,1,0
BRDA:662,71,0,0
BRDA:662,71,1,0
BRDA:666,72,0,0
BRDA:666,72,1,0
BRDA:667,73,0,0
BRDA:667,73,1,0
BRDA:668,74,0,0
BRDA:668,74,1,0
BRDA:705,75,0,0
BRDA:705,75,1,0
BRF:162
BRH:0
end_of_record
TN:
SF:src/pages/nuevo_pedido/style.js
FNF:0
FNH:0
DA:3,0
DA:5,0
LF:2
LH:0
BRDA:230,0,0,0
BRDA:230,0,1,0
BRDA:249,1,0,0
BRDA:249,1,1,0
BRDA:250,2,0,0
BRDA:250,2,1,0
BRDA:281,3,0,0
BRDA:281,3,1,0
BRDA:282,4,0,0
BRDA:282,4,1,0
BRF:10
BRH:0
end_of_record
TN:
SF:src/pages/pdf/pdf.js
FN:7,(anonymous_0)
FN:12,(anonymous_1)
FN:19,(anonymous_2)
FN:22,(anonymous_3)
FN:25,(anonymous_4)
FN:29,(anonymous_5)
FNF:6
FNH:0
FNDA:0,(anonymous_0)
FNDA:0,(anonymous_1)
FNDA:0,(anonymous_2)
FNDA:0,(anonymous_3)
FNDA:0,(anonymous_4)
FNDA:0,(anonymous_5)
DA:8,0
DA:9,0
DA:12,0
DA:20,0
DA:23,0
DA:26,0
DA:27,0
DA:30,0
DA:38,0
LF:9
LH:0
BRF:0
BRH:0
end_of_record
TN:
SF:src/pages/pedido/CambiarEstadoModal.tsx
FN:18,(anonymous_0)
FN:94,(anonymous_1)
FN:133,(anonymous_2)
FN:173,(anonymous_3)
FNF:4
FNH:0
FNDA:0,(anonymous_0)
FNDA:0,(anonymous_1)
FNDA:0,(anonymous_2)
FNDA:0,(anonymous_3)
DA:18,0
DA:29,0
DA:30,0
DA:34,0
DA:94,0
DA:133,0
DA:173,0
LF:7
LH:0
BRDA:29,0,0,0
BRDA:29,0,1,0
BRDA:86,1,0,0
BRDA:86,1,1,0
BRDA:87,2,0,0
BRDA:87,2,1,0
BRDA:116,3,0,0
BRDA:116,3,1,0
BRDA:124,4,0,0
BRDA:124,4,1,0
BRDA:125,5,0,0
BRDA:125,5,1,0
BRDA:131,6,0,0
BRDA:131,6,1,0
BRDA:131,7,0,0
BRDA:131,7,1,0
BRDA:131,7,2,0
BRDA:133,8,0,0
BRDA:133,8,1,0
BRDA:133,9,0,0
BRDA:133,9,1,0
BRDA:133,9,2,0
BRDA:135,10,0,0
BRDA:135,10,1,0
BRDA:135,10,2,0
BRDA:156,11,0,0
BRDA:156,11,1,0
BRDA:164,12,0,0
BRDA:164,12,1,0
BRDA:165,13,0,0
BRDA:165,13,1,0
BRDA:171,14,0,0
BRDA:171,14,1,0
BRDA:171,15,0,0
BRDA:171,15,1,0
BRDA:171,15,2,0
BRDA:173,16,0,0
BRDA:173,16,1,0
BRDA:173,17,0,0
BRDA:173,17,1,0
BRDA:173,17,2,0
BRDA:175,18,0,0
BRDA:175,18,1,0
BRDA:175,18,2,0
BRDA:196,19,0,0
BRDA:196,19,1,0
BRF:46
BRH:0
end_of_record
TN:
SF:src/pages/pedido/CerrarPedidoModal.tsx
FN:48,(anonymous_0)
FN:73,(anonymous_1)
FN:79,(anonymous_2)
FN:81,(anonymous_3)
FN:94,(anonymous_4)
FN:128,(anonymous_5)
FN:136,(anonymous_6)
FN:144,(anonymous_7)
FN:159,(anonymous_8)
FN:181,(anonymous_9)
FN:197,(anonymous_10)
FN:219,(anonymous_11)
FN:229,(anonymous_12)
FN:249,(anonymous_13)
FN:629,(anonymous_14)
FN:698,(anonymous_15)
FN:852,(anonymous_16)
FN:892,(anonymous_17)
FNF:18
FNH:0
FNDA:0,(anonymous_0)
FNDA:0,(anonymous_1)
FNDA:0,(anonymous_2)
FNDA:0,(anonymous_3)
FNDA:0,(anonymous_4)
FNDA:0,(anonymous_5)
FNDA:0,(anonymous_6)
FNDA:0,(anonymous_7)
FNDA:0,(anonymous_8)
FNDA:0,(anonymous_9)
FNDA:0,(anonymous_10)
FNDA:0,(anonymous_11)
FNDA:0,(anonymous_12)
FNDA:0,(anonymous_13)
FNDA:0,(anonymous_14)
FNDA:0,(anonymous_15)
FNDA:0,(anonymous_16)
FNDA:0,(anonymous_17)
DA:46,0
DA:48,0
DA:64,0
DA:65,0
DA:66,0
DA:67,0
DA:68,0
DA:69,0
DA:70,0
DA:71,0
DA:73,0
DA:74,0
DA:76,0
DA:77,0
DA:79,0
DA:80,0
DA:81,0
DA:82,0
DA:83,0
DA:85,0
DA:86,0
DA:89,0
DA:90,0
DA:94,0
DA:95,0
DA:96,0
DA:97,0
DA:100,0
DA:101,0
DA:102,0
DA:105,0
DA:106,0
DA:107,0
DA:111,0
DA:112,0
DA:113,0
DA:114,0
DA:117,0
DA:128,0
DA:129,0
DA:130,0
DA:131,0
DA:133,0
DA:136,0
DA:137,0
DA:138,0
DA:139,0
DA:140,0
DA:141,0
DA:144,0
DA:146,0
DA:149,0
DA:152,0
DA:153,0
DA:155,0
DA:159,0
DA:160,0
DA:161,0
DA:162,0
DA:172,0
DA:174,0
DA:175,0
DA:178,0
DA:181,0
DA:182,0
DA:183,0
DA:184,0
DA:185,0
DA:188,0
DA:197,0
DA:198,0
DA:200,0
DA:201,0
DA:202,0
DA:205,0
DA:206,0
DA:207,0
DA:208,0
DA:211,0
DA:212,0
DA:213,0
DA:214,0
DA:219,0
DA:220,0
DA:229,0
DA:230,0
DA:232,0
DA:233,0
DA:234,0
DA:237,0
DA:238,0
DA:239,0
DA:240,0
DA:243,0
DA:244,0
DA:249,0
DA:250,0
DA:270,0
DA:272,0
DA:630,0
DA:631,0
DA:700,0
DA:702,0
DA:703,0
DA:704,0
DA:706,0
DA:852,0
DA:892,0
LF:108
LH:0
BRDA:64,0,0,0
BRDA:64,0,1,0
BRDA:65,1,0,0
BRDA:65,1,1,0
BRDA:66,2,0,0
BRDA:66,2,1,0
BRDA:67,3,0,0
BRDA:67,3,1,0
BRDA:68,4,0,0
BRDA:68,4,1,0
BRDA:69,5,0,0
BRDA:69,5,1,0
BRDA:95,6,0,0
BRDA:95,6,1,0
BRDA:95,7,0,0
BRDA:95,7,1,0
BRDA:95,7,2,0
BRDA:95,7,3,0
BRDA:95,7,4,0
BRDA:95,7,5,0
BRDA:95,7,6,0
BRDA:100,8,0,0
BRDA:100,8,1,0
BRDA:105,9,0,0
BRDA:105,9,1,0
BRDA:112,10,0,0
BRDA:112,10,1,0
BRDA:114,11,0,0
BRDA:114,11,1,0
BRDA:129,12,0,0
BRDA:129,12,1,0
BRDA:137,13,0,0
BRDA:137,13,1,0
BRDA:139,14,0,0
BRDA:139,14,1,0
BRDA:152,15,0,0
BRDA:152,15,1,0
BRDA:160,16,0,0
BRDA:160,16,1,0
BRDA:183,17,0,0
BRDA:183,17,1,0
BRDA:200,18,0,0
BRDA:200,18,1,0
BRDA:205,19,0,0
BRDA:205,19,1,0
BRDA:211,20,0,0
BRDA:211,20,1,0
BRDA:211,21,0,0
BRDA:211,21,1,0
BRDA:211,21,2,0
BRDA:232,22,0,0
BRDA:232,22,1,0
BRDA:237,23,0,0
BRDA:237,23,1,0
BRDA:243,24,0,0
BRDA:243,24,1,0
BRDA:243,25,0,0
BRDA:243,25,1,0
BRDA:243,25,2,0
BRDA:270,26,0,0
BRDA:270,26,1,0
BRDA:314,27,0,0
BRDA:314,27,1,0
BRDA:320,28,0,0
BRDA:320,28,1,0
BRDA:330,29,0,0
BRDA:330,29,1,0
BRDA:337,30,0,0
BRDA:337,30,1,0
BRDA:363,31,0,0
BRDA:363,31,1,0
BRDA:406,32,0,0
BRDA:406,32,1,0
BRDA:480,33,0,0
BRDA:480,33,1,0
BRDA:492,34,0,0
BRDA:492,34,1,0
BRDA:499,35,0,0
BRDA:499,35,1,0
BRDA:502,36,0,0
BRDA:502,36,1,0
BRDA:576,37,0,0
BRDA:576,37,1,0
BRDA:594,38,0,0
BRDA:594,38,1,0
BRDA:637,39,0,0
BRDA:637,39,1,0
BRDA:641,40,0,0
BRDA:641,40,1,0
BRDA:703,41,0,0
BRDA:703,41,1,0
BRDA:842,42,0,0
BRDA:842,42,1,0
BRDA:847,43,0,0
BRDA:847,43,1,0
BRDA:860,44,0,0
BRDA:860,44,1,0
BRDA:867,45,0,0
BRDA:867,45,1,0
BRDA:872,46,0,0
BRDA:872,46,1,0
BRDA:882,47,0,0
BRDA:882,47,1,0
BRDA:887,48,0,0
BRDA:887,48,1,0
BRDA:900,49,0,0
BRDA:900,49,1,0
BRDA:907,50,0,0
BRDA:907,50,1,0
BRDA:912,51,0,0
BRDA:912,51,1,0
BRDA:970,52,0,0
BRDA:970,52,1,0
BRDA:970,53,0,0
BRDA:970,53,1,0
BRDA:970,53,2,0
BRDA:970,53,3,0
BRDA:970,53,4,0
BRDA:970,53,5,0
BRDA:970,53,6,0
BRDA:970,53,7,0
BRDA:984,54,0,0
BRDA:984,54,1,0
BRDA:984,54,2,0
BRDA:984,54,3,0
BRDA:984,54,4,0
BRDA:984,54,5,0
BRDA:984,54,6,0
BRDA:984,54,7,0
BRDA:1003,55,0,0
BRDA:1003,55,1,0
BRF:131
BRH:0
end_of_record
TN:
SF:src/pages/pedido/EditarPedidoModal.tsx
FN:48,(anonymous_0)
FNF:1
FNH:0
FNDA:0,(anonymous_0)
DA:48,0
DA:105,0
DA:107,0
LF:3
LH:0
BRDA:222,0,0,0
BRDA:222,0,1,0
BRDA:222,1,0,0
BRDA:222,1,1,0
BRDA:224,2,0,0
BRDA:224,2,1,0
BRDA:224,3,0,0
BRDA:224,3,1,0
BRDA:228,4,0,0
BRDA:228,4,1,0
BRDA:241,5,0,0
BRDA:241,5,1,0
BRDA:241,5,2,0
BRDA:241,5,3,0
BRDA:241,5,4,0
BRDA:241,5,5,0
BRDA:258,6,0,0
BRDA:258,6,1,0
BRDA:265,7,0,0
BRDA:265,7,1,0
BRDA:272,8,0,0
BRDA:272,8,1,0
BRDA:279,9,0,0
BRDA:279,9,1,0
BRDA:286,10,0,0
BRDA:286,10,1,0
BRDA:299,11,0,0
BRDA:299,11,1,0
BRDA:299,11,2,0
BRDA:299,11,3,0
BRDA:299,11,4,0
BRDA:299,11,5,0
BRDA:330,12,0,0
BRDA:330,12,1,0
BRDA:335,13,0,0
BRDA:335,13,1,0
BRDA:335,14,0,0
BRDA:335,14,1,0
BRDA:338,15,0,0
BRDA:338,15,1,0
BRDA:343,16,0,0
BRDA:343,16,1,0
BRDA:343,17,0,0
BRDA:343,17,1,0
BRDA:343,18,0,0
BRDA:343,18,1,0
BRDA:349,19,0,0
BRDA:349,19,1,0
BRDA:349,20,0,0
BRDA:349,20,1,0
BRDA:384,21,0,0
BRDA:384,21,1,0
BRDA:384,21,2,0
BRDA:384,21,3,0
BRDA:384,21,4,0
BRDA:384,21,5,0
BRDA:400,22,0,0
BRDA:400,22,1,0
BRDA:400,23,0,0
BRDA:400,23,1,0
BRDA:400,23,2,0
BRDA:406,24,0,0
BRDA:406,24,1,0
BRDA:443,25,0,0
BRDA:443,25,1,0
BRDA:443,26,0,0
BRDA:443,26,1,0
BRDA:465,27,0,0
BRDA:465,27,1,0
BRDA:474,28,0,0
BRDA:474,28,1,0
BRDA:474,28,2,0
BRDA:474,28,3,0
BRDA:474,28,4,0
BRDA:523,29,0,0
BRDA:523,29,1,0
BRDA:568,30,0,0
BRDA:568,30,1,0
BRDA:644,31,0,0
BRDA:644,31,1,0
BRDA:647,32,0,0
BRDA:647,32,1,0
BRDA:658,33,0,0
BRDA:658,33,1,0
BRDA:665,34,0,0
BRDA:665,34,1,0
BRDA:668,35,0,0
BRDA:668,35,1,0
BRDA:697,36,0,0
BRDA:697,36,1,0
BRDA:712,37,0,0
BRDA:712,37,1,0
BRDA:730,38,0,0
BRDA:730,38,1,0
BRDA:730,38,2,0
BRDA:747,39,0,0
BRDA:747,39,1,0
BRDA:759,40,0,0
BRDA:759,40,1,0
BRDA:777,41,0,0
BRDA:777,41,1,0
BRDA:777,41,2,0
BRDA:777,41,3,0
BRDA:777,41,4,0
BRDA:777,41,5,0
BRDA:824,42,0,0
BRDA:824,42,1,0
BRF:107
BRH:0
end_of_record
TN:
SF:src/pages/pedido/FechaEntregaModal.tsx
FN:20,(anonymous_0)
FN:47,(anonymous_1)
FNF:2
FNH:0
FNDA:0,(anonymous_0)
FNDA:0,(anonymous_1)
DA:10,0
DA:20,0
DA:27,0
DA:29,0
DA:31,0
DA:48,0
DA:49,0
LF:7
LH:0
BRDA:29,0,0,0
BRDA:29,0,1,0
BRDA:44,1,0,0
BRDA:44,1,1,0
BRDA:51,2,0,0
BRDA:51,2,1,0
BRDA:56,3,0,0
BRDA:56,3,1,0
BRF:8
BRH:0
end_of_record
TN:
SF:src/pages/pedido/NovedadModal.tsx
FN:13,(anonymous_0)
FN:153,(anonymous_1)
FNF:2
FNH:0
FNDA:0,(anonymous_0)
FNDA:0,(anonymous_1)
DA:13,0
DA:20,0
DA:153,0
LF:3
LH:0
BRDA:89,0,0,0
BRDA:89,0,1,0
BRDA:114,1,0,0
BRDA:114,1,1,0
BRDA:145,2,0,0
BRDA:145,2,1,0
BRDA:151,3,0,0
BRDA:151,3,1,0
BRDA:153,4,0,0
BRDA:153,4,1,0
BRF:10
BRH:0
end_of_record
TN:
SF:src/pages/pedido/PedidoSimplified.tsx
FN:57,(anonymous_0)
FN:60,(anonymous_1)
FN:61,(anonymous_2)
FN:142,(anonymous_3)
FN:143,(anonymous_4)
FN:146,(anonymous_5)
FN:157,(anonymous_6)
FN:163,(anonymous_7)
FN:167,(anonymous_8)
FN:173,(anonymous_9)
FN:179,(anonymous_10)
FN:183,(anonymous_11)
FN:194,(anonymous_12)
FN:216,(anonymous_13)
FN:226,(anonymous_14)
FN:236,(anonymous_15)
FN:246,(anonymous_16)
FN:251,(anonymous_17)
FN:256,(anonymous_18)
FN:263,(anonymous_19)
FN:267,(anonymous_20)
FN:269,(anonymous_21)
FN:272,(anonymous_22)
FN:282,(anonymous_23)
FN:295,(anonymous_24)
FN:323,(anonymous_25)
FN:329,(anonymous_26)
FN:339,(anonymous_27)
FN:349,(anonymous_28)
FN:353,(anonymous_29)
FN:357,(anonymous_30)
FN:365,(anonymous_31)
FN:366,(anonymous_32)
FN:387,(anonymous_33)
FN:611,(anonymous_34)
FN:617,(anonymous_35)
FN:629,(anonymous_36)
FN:634,(anonymous_37)
FN:644,(anonymous_38)
FN:695,(anonymous_39)
FN:714,(anonymous_40)
FN:720,(anonymous_41)
FN:722,(anonymous_42)
FN:732,(anonymous_43)
FN:734,(anonymous_44)
FN:740,(anonymous_45)
FN:742,(anonymous_46)
FN:750,(anonymous_47)
FNF:48
FNH:0
FNDA:0,(anonymous_0)
FNDA:0,(anonymous_1)
FNDA:0,(anonymous_2)
FNDA:0,(anonymous_3)
FNDA:0,(anonymous_4)
FNDA:0,(anonymous_5)
FNDA:0,(anonymous_6)
FNDA:0,(anonymous_7)
FNDA:0,(anonymous_8)
FNDA:0,(anonymous_9)
FNDA:0,(anonymous_10)
FNDA:0,(anonymous_11)
FNDA:0,(anonymous_12)
FNDA:0,(anonymous_13)
FNDA:0,(anonymous_14)
FNDA:0,(anonymous_15)
FNDA:0,(anonymous_16)
FNDA:0,(anonymous_17)
FNDA:0,(anonymous_18)
FNDA:0,(anonymous_19)
FNDA:0,(anonymous_20)
FNDA:0,(anonymous_21)
FNDA:0,(anonymous_22)
FNDA:0,(anonymous_23)
FNDA:0,(anonymous_24)
FNDA:0,(anonymous_25)
FNDA:0,(anonymous_26)
FNDA:0,(anonymous_27)
FNDA:0,(anonymous_28)
FNDA:0,(anonymous_29)
FNDA:0,(anonymous_30)
FNDA:0,(anonymous_31)
FNDA:0,(anonymous_32)
FNDA:0,(anonymous_33)
FNDA:0,(anonymous_34)
FNDA:0,(anonymous_35)
FNDA:0,(anonymous_36)
FNDA:0,(anonymous_37)
FNDA:0,(anonymous_38)
FNDA:0,(anonymous_39)
FNDA:0,(anonymous_40)
FNDA:0,(anonymous_41)
FNDA:0,(anonymous_42)
FNDA:0,(anonymous_43)
FNDA:0,(anonymous_44)
FNDA:0,(anonymous_45)
FNDA:0,(anonymous_46)
FNDA:0,(anonymous_47)
DA:53,0
DA:55,0
DA:57,0
DA:59,0
DA:60,0
DA:61,0
DA:64,0
DA:78,0
DA:126,0
DA:129,0
DA:130,0
DA:131,0
DA:132,0
DA:133,0
DA:134,0
DA:137,0
DA:138,0
DA:139,0
DA:142,0
DA:143,0
DA:146,0
DA:147,0
DA:148,0
DA:149,0
DA:150,0
DA:151,0
DA:153,0
DA:154,0
DA:157,0
DA:158,0
DA:159,0
DA:163,0
DA:164,0
DA:167,0
DA:168,0
DA:169,0
DA:173,0
DA:174,0
DA:175,0
DA:179,0
DA:180,0
DA:183,0
DA:184,0
DA:185,0
DA:194,0
DA:195,0
DA:196,0
DA:197,0
DA:199,0
DA:216,0
DA:217,0
DA:218,0
DA:219,0
DA:220,0
DA:221,0
DA:222,0
DA:226,0
DA:227,0
DA:228,0
DA:229,0
DA:230,0
DA:231,0
DA:232,0
DA:236,0
DA:237,0
DA:238,0
DA:239,0
DA:240,0
DA:241,0
DA:242,0
DA:246,0
DA:247,0
DA:252,0
DA:256,0
DA:257,0
DA:258,0
DA:259,0
DA:260,0
DA:263,0
DA:264,0
DA:267,0
DA:268,0
DA:269,0
DA:272,0
DA:273,0
DA:282,0
DA:283,0
DA:284,0
DA:285,0
DA:288,0
DA:289,0
DA:291,0
DA:292,0
DA:295,0
DA:296,0
DA:297,0
DA:299,0
DA:300,0
DA:301,0
DA:302,0
DA:303,0
DA:305,0
DA:306,0
DA:308,0
DA:309,0
DA:311,0
DA:312,0
DA:315,0
DA:318,0
DA:319,0
DA:323,0
DA:324,0
DA:325,0
DA:326,0
DA:327,0
DA:328,0
DA:329,0
DA:330,0
DA:332,0
DA:334,0
DA:335,0
DA:339,0
DA:340,0
DA:341,0
DA:342,0
DA:343,0
DA:349,0
DA:353,0
DA:357,0
DA:358,0
DA:359,0
DA:360,0
DA:365,0
DA:366,0
DA:367,0
DA:388,0
DA:611,0
DA:612,0
DA:617,0
DA:629,0
DA:635,0
DA:636,0
DA:638,0
DA:645,0
DA:646,0
DA:659,0
DA:695,0
DA:715,0
DA:716,0
DA:720,0
DA:722,0
DA:732,0
DA:734,0
DA:740,0
DA:742,0
DA:750,0
LF:156
LH:0
BRDA:153,0,0,0
BRDA:153,0,1,0
BRDA:153,1,0,0
BRDA:153,1,1,0
BRDA:168,2,0,0
BRDA:168,2,1,0
BRDA:168,3,0,0
BRDA:168,3,1,0
BRDA:174,4,0,0
BRDA:174,4,1,0
BRDA:174,5,0,0
BRDA:174,5,1,0
BRDA:184,6,0,0
BRDA:184,6,1,0
BRDA:195,7,0,0
BRDA:195,7,1,0
BRDA:217,8,0,0
BRDA:217,8,1,0
BRDA:217,8,2,0
BRDA:217,8,3,0
BRDA:217,8,4,0
BRDA:227,9,0,0
BRDA:227,9,1,0
BRDA:227,9,2,0
BRDA:227,9,3,0
BRDA:227,9,4,0
BRDA:237,10,0,0
BRDA:237,10,1,0
BRDA:238,11,0,0
BRDA:238,11,1,0
BRDA:239,12,0,0
BRDA:239,12,1,0
BRDA:240,13,0,0
BRDA:240,13,1,0
BRDA:240,14,0,0
BRDA:240,14,1,0
BRDA:240,14,2,0
BRDA:241,15,0,0
BRDA:241,15,1,0
BRDA:241,16,0,0
BRDA:241,16,1,0
BRDA:277,17,0,0
BRDA:277,17,1,0
BRDA:283,18,0,0
BRDA:283,18,1,0
BRDA:283,19,0,0
BRDA:283,19,1,0
BRDA:288,20,0,0
BRDA:288,20,1,0
BRDA:289,21,0,0
BRDA:289,21,1,0
BRDA:299,22,0,0
BRDA:299,22,1,0
BRDA:300,23,0,0
BRDA:300,23,1,0
BRDA:301,24,0,0
BRDA:301,24,1,0
BRDA:308,25,0,0
BRDA:308,25,1,0
BRDA:341,26,0,0
BRDA:341,26,1,0
BRDA:341,26,2,0
BRDA:341,26,3,0
BRDA:359,27,0,0
BRDA:359,27,1,0
BRDA:391,28,0,0
BRDA:391,28,1,0
BRDA:396,29,0,0
BRDA:396,29,1,0
BRDA:461,30,0,0
BRDA:461,30,1,0
BRDA:461,31,0,0
BRDA:461,31,1,0
BRDA:465,32,0,0
BRDA:465,32,1,0
BRDA:465,33,0,0
BRDA:465,33,1,0
BRDA:466,34,0,0
BRDA:466,34,1,0
BRDA:467,35,0,0
BRDA:467,35,1,0
BRDA:468,36,0,0
BRDA:468,36,1,0
BRDA:468,37,0,0
BRDA:468,37,1,0
BRDA:492,38,0,0
BRDA:492,38,1,0
BRDA:504,39,0,0
BRDA:504,39,1,0
BRDA:508,40,0,0
BRDA:508,40,1,0
BRDA:521,41,0,0
BRDA:521,41,1,0
BRDA:521,41,2,0
BRDA:534,42,0,0
BRDA:534,42,1,0
BRDA:550,43,0,0
BRDA:550,43,1,0
BRDA:559,44,0,0
BRDA:559,44,1,0
BRDA:568,45,0,0
BRDA:568,45,1,0
BRDA:577,46,0,0
BRDA:577,46,1,0
BRDA:588,47,0,0
BRDA:588,47,1,0
BRDA:588,47,2,0
BRDA:615,48,0,0
BRDA:615,48,1,0
BRDA:623,49,0,0
BRDA:623,49,1,0
BRDA:633,50,0,0
BRDA:633,50,1,0
BRDA:633,51,0,0
BRDA:633,51,1,0
BRDA:635,52,0,0
BRDA:635,52,1,0
BRDA:755,53,0,0
BRDA:755,53,1,0
BRDA:756,54,0,0
BRDA:756,54,1,0
BRDA:758,55,0,0
BRDA:758,55,1,0
BRDA:765,56,0,0
BRDA:765,56,1,0
BRF:125
BRH:0
end_of_record
TN:
SF:src/pages/pedido/VehiculosModal.tsx
FN:24,(anonymous_0)
FN:43,(anonymous_1)
FN:134,(anonymous_2)
FN:165,(anonymous_3)
FN:226,(anonymous_4)
FN:279,(anonymous_5)
FN:304,(anonymous_6)
FN:308,(anonymous_7)
FNF:8
FNH:0
FNDA:0,(anonymous_0)
FNDA:0,(anonymous_1)
FNDA:0,(anonymous_2)
FNDA:0,(anonymous_3)
FNDA:0,(anonymous_4)
FNDA:0,(anonymous_5)
FNDA:0,(anonymous_6)
FNDA:0,(anonymous_7)
DA:24,0
DA:38,0
DA:40,0
DA:43,0
DA:44,0
DA:45,0
DA:49,0
DA:53,0
DA:54,0
DA:55,0
DA:58,0
DA:134,0
DA:165,0
DA:227,0
DA:228,0
DA:281,0
DA:282,0
DA:283,0
DA:286,0
DA:306,0
DA:308,0
DA:309,0
LF:22
LH:0
BRDA:44,0,0,0
BRDA:44,0,1,0
BRDA:49,1,0,0
BRDA:49,1,1,0
BRDA:54,2,0,0
BRDA:54,2,1,0
BRDA:55,3,0,0
BRDA:55,3,1,0
BRDA:129,4,0,0
BRDA:129,4,1,0
BRDA:141,5,0,0
BRDA:141,5,1,0
BRDA:146,6,0,0
BRDA:146,6,1,0
BRDA:160,7,0,0
BRDA:160,7,1,0
BRDA:172,8,0,0
BRDA:172,8,1,0
BRDA:177,9,0,0
BRDA:177,9,1,0
BRDA:186,10,0,0
BRDA:186,10,1,0
BRDA:190,11,0,0
BRDA:190,11,1,0
BRDA:194,12,0,0
BRDA:194,12,1,0
BRDA:264,13,0,0
BRDA:264,13,1,0
BRDA:264,14,0,0
BRDA:264,14,1,0
BRDA:279,15,0,0
BRDA:279,15,1,0
BRDA:279,16,0,0
BRDA:279,16,1,0
BRDA:281,17,0,0
BRDA:281,17,1,0
BRDA:282,18,0,0
BRDA:282,18,1,0
BRDA:282,18,2,0
BRDA:283,19,0,0
BRDA:283,19,1,0
BRDA:290,20,0,0
BRDA:290,20,1,0
BRDA:291,21,0,0
BRDA:291,21,1,0
BRDA:325,22,0,0
BRDA:325,22,1,0
BRDA:325,23,0,0
BRDA:325,23,1,0
BRDA:342,24,0,0
BRDA:342,24,1,0
BRDA:359,25,0,0
BRDA:359,25,1,0
BRDA:365,26,0,0
BRDA:365,26,1,0
BRF:55
BRH:0
end_of_record
TN:
SF:src/pages/pedido/index.tsx
FN:59,(anonymous_0)
FN:62,(anonymous_1)
FN:63,(anonymous_2)
FN:148,(anonymous_3)
FN:149,(anonymous_4)
FN:152,(anonymous_5)
FN:163,(anonymous_6)
FN:169,(anonymous_7)
FN:173,(anonymous_8)
FN:179,(anonymous_9)
FN:186,(anonymous_10)
FN:191,(anonymous_11)
FN:196,(anonymous_12)
FN:205,(anonymous_13)
FN:212,(anonymous_14)
FN:223,(anonymous_15)
FN:245,(anonymous_16)
FN:255,(anonymous_17)
FN:265,(anonymous_18)
FN:282,(anonymous_19)
FN:287,(anonymous_20)
FN:292,(anonymous_21)
FN:296,(anonymous_22)
FN:300,(anonymous_23)
FN:304,(anonymous_24)
FN:306,(anonymous_25)
FN:309,(anonymous_26)
FN:319,(anonymous_27)
FN:330,(anonymous_28)
FN:363,(anonymous_29)
FN:369,(anonymous_30)
FN:379,(anonymous_31)
FN:392,(anonymous_32)
FN:407,(anonymous_33)
FN:413,(anonymous_34)
FN:482,(anonymous_35)
FN:500,(anonymous_36)
FN:554,(anonymous_37)
FN:612,(anonymous_38)
FN:620,(anonymous_39)
FN:621,(anonymous_40)
FN:642,(anonymous_41)
FN:869,(anonymous_42)
FN:871,(anonymous_43)
FN:930,(anonymous_44)
FN:973,(anonymous_45)
FN:993,(anonymous_46)
FN:1060,(anonymous_47)
FN:1062,(anonymous_48)
FN:1070,(anonymous_49)
FN:1087,(anonymous_50)
FN:1091,(anonymous_51)
FN:1092,(anonymous_52)
FN:1096,(anonymous_53)
FN:1104,(anonymous_54)
FN:1106,(anonymous_55)
FN:1113,(anonymous_56)
FN:1117,(anonymous_57)
FN:1144,(anonymous_58)
FN:1163,(anonymous_59)
FN:1189,(anonymous_60)
FNF:61
FNH:0
FNDA:0,(anonymous_0)
FNDA:0,(anonymous_1)
FNDA:0,(anonymous_2)
FNDA:0,(anonymous_3)
FNDA:0,(anonymous_4)
FNDA:0,(anonymous_5)
FNDA:0,(anonymous_6)
FNDA:0,(anonymous_7)
FNDA:0,(anonymous_8)
FNDA:0,(anonymous_9)
FNDA:0,(anonymous_10)
FNDA:0,(anonymous_11)
FNDA:0,(anonymous_12)
FNDA:0,(anonymous_13)
FNDA:0,(anonymous_14)
FNDA:0,(anonymous_15)
FNDA:0,(anonymous_16)
FNDA:0,(anonymous_17)
FNDA:0,(anonymous_18)
FNDA:0,(anonymous_19)
FNDA:0,(anonymous_20)
FNDA:0,(anonymous_21)
FNDA:0,(anonymous_22)
FNDA:0,(anonymous_23)
FNDA:0,(anonymous_24)
FNDA:0,(anonymous_25)
FNDA:0,(anonymous_26)
FNDA:0,(anonymous_27)
FNDA:0,(anonymous_28)
FNDA:0,(anonymous_29)
FNDA:0,(anonymous_30)
FNDA:0,(anonymous_31)
FNDA:0,(anonymous_32)
FNDA:0,(anonymous_33)
FNDA:0,(anonymous_34)
FNDA:0,(anonymous_35)
FNDA:0,(anonymous_36)
FNDA:0,(anonymous_37)
FNDA:0,(anonymous_38)
FNDA:0,(anonymous_39)
FNDA:0,(anonymous_40)
FNDA:0,(anonymous_41)
FNDA:0,(anonymous_42)
FNDA:0,(anonymous_43)
FNDA:0,(anonymous_44)
FNDA:0,(anonymous_45)
FNDA:0,(anonymous_46)
FNDA:0,(anonymous_47)
FNDA:0,(anonymous_48)
FNDA:0,(anonymous_49)
FNDA:0,(anonymous_50)
FNDA:0,(anonymous_51)
FNDA:0,(anonymous_52)
FNDA:0,(anonymous_53)
FNDA:0,(anonymous_54)
FNDA:0,(anonymous_55)
FNDA:0,(anonymous_56)
FNDA:0,(anonymous_57)
FNDA:0,(anonymous_58)
FNDA:0,(anonymous_59)
FNDA:0,(anonymous_60)
DA:55,0
DA:57,0
DA:59,0
DA:61,0
DA:62,0
DA:63,0
DA:66,0
DA:80,0
DA:130,0
DA:134,0
DA:135,0
DA:136,0
DA:137,0
DA:138,0
DA:139,0
DA:140,0
DA:143,0
DA:144,0
DA:145,0
DA:148,0
DA:149,0
DA:152,0
DA:153,0
DA:154,0
DA:155,0
DA:156,0
DA:157,0
DA:159,0
DA:160,0
DA:163,0
DA:164,0
DA:165,0
DA:169,0
DA:170,0
DA:173,0
DA:174,0
DA:175,0
DA:179,0
DA:180,0
DA:181,0
DA:186,0
DA:187,0
DA:190,0
DA:191,0
DA:192,0
DA:193,0
DA:196,0
DA:199,0
DA:200,0
DA:201,0
DA:205,0
DA:207,0
DA:208,0
DA:212,0
DA:213,0
DA:214,0
DA:223,0
DA:224,0
DA:225,0
DA:226,0
DA:228,0
DA:245,0
DA:246,0
DA:247,0
DA:248,0
DA:249,0
DA:250,0
DA:251,0
DA:255,0
DA:256,0
DA:257,0
DA:258,0
DA:259,0
DA:260,0
DA:261,0
DA:265,0
DA:266,0
DA:267,0
DA:268,0
DA:271,0
DA:273,0
DA:275,0
DA:278,0
DA:282,0
DA:283,0
DA:288,0
DA:292,0
DA:293,0
DA:296,0
DA:297,0
DA:300,0
DA:301,0
DA:304,0
DA:305,0
DA:306,0
DA:309,0
DA:310,0
DA:319,0
DA:320,0
DA:321,0
DA:324,0
DA:325,0
DA:327,0
DA:330,0
DA:331,0
DA:333,0
DA:337,0
DA:339,0
DA:340,0
DA:341,0
DA:342,0
DA:343,0
DA:345,0
DA:346,0
DA:348,0
DA:349,0
DA:351,0
DA:352,0
DA:355,0
DA:358,0
DA:359,0
DA:363,0
DA:364,0
DA:365,0
DA:366,0
DA:367,0
DA:368,0
DA:369,0
DA:370,0
DA:372,0
DA:374,0
DA:375,0
DA:379,0
DA:380,0
DA:381,0
DA:382,0
DA:383,0
DA:385,0
DA:392,0
DA:393,0
DA:394,0
DA:397,0
DA:407,0
DA:413,0
DA:414,0
DA:415,0
DA:416,0
DA:419,0
DA:421,0
DA:422,0
DA:423,0
DA:424,0
DA:425,0
DA:427,0
DA:428,0
DA:429,0
DA:433,0
DA:446,0
DA:449,0
DA:451,0
DA:452,0
DA:462,0
DA:463,0
DA:464,0
DA:466,0
DA:473,0
DA:474,0
DA:482,0
DA:483,0
DA:485,0
DA:487,0
DA:492,0
DA:493,0
DA:500,0
DA:501,0
DA:503,0
DA:504,0
DA:506,0
DA:507,0
DA:512,0
DA:516,0
DA:518,0
DA:520,0
DA:521,0
DA:532,0
DA:533,0
DA:536,0
DA:538,0
DA:545,0
DA:546,0
DA:554,0
DA:555,0
DA:556,0
DA:557,0
DA:563,0
DA:567,0
DA:568,0
DA:574,0
DA:576,0
DA:577,0
DA:588,0
DA:589,0
DA:592,0
DA:594,0
DA:602,0
DA:603,0
DA:612,0
DA:613,0
DA:614,0
DA:615,0
DA:620,0
DA:621,0
DA:622,0
DA:643,0
DA:869,0
DA:871,0
DA:872,0
DA:873,0
DA:875,0
DA:878,0
DA:930,0
DA:973,0
DA:994,0
DA:995,0
DA:1022,0
DA:1060,0
DA:1064,0
DA:1065,0
DA:1068,0
DA:1070,0
DA:1071,0
DA:1088,0
DA:1089,0
DA:1091,0
DA:1092,0
DA:1096,0
DA:1104,0
DA:1106,0
DA:1114,0
DA:1115,0
DA:1117,0
DA:1118,0
DA:1144,0
DA:1164,0
DA:1190,0
LF:245
LH:0
BRDA:159,0,0,0
BRDA:159,0,1,0
BRDA:159,1,0,0
BRDA:159,1,1,0
BRDA:174,2,0,0
BRDA:174,2,1,0
BRDA:174,3,0,0
BRDA:174,3,1,0
BRDA:180,4,0,0
BRDA:180,4,1,0
BRDA:180,5,0,0
BRDA:180,5,1,0
BRDA:187,6,0,0
BRDA:187,6,1,0
BRDA:187,7,0,0
BRDA:187,7,1,0
BRDA:190,8,0,0
BRDA:190,8,1,0
BRDA:190,9,0,0
BRDA:190,9,1,0
BRDA:199,10,0,0
BRDA:199,10,1,0
BRDA:207,11,0,0
BRDA:207,11,1,0
BRDA:207,12,0,0
BRDA:207,12,1,0
BRDA:213,13,0,0
BRDA:213,13,1,0
BRDA:224,14,0,0
BRDA:224,14,1,0
BRDA:246,15,0,0
BRDA:246,15,1,0
BRDA:246,15,2,0
BRDA:246,15,3,0
BRDA:246,15,4,0
BRDA:256,16,0,0
BRDA:256,16,1,0
BRDA:256,16,2,0
BRDA:256,16,3,0
BRDA:256,16,4,0
BRDA:266,17,0,0
BRDA:266,17,1,0
BRDA:267,18,0,0
BRDA:267,18,1,0
BRDA:268,19,0,0
BRDA:268,19,1,0
BRDA:271,20,0,0
BRDA:271,20,1,0
BRDA:271,21,0,0
BRDA:271,21,1,0
BRDA:273,22,0,0
BRDA:273,22,1,0
BRDA:314,23,0,0
BRDA:314,23,1,0
BRDA:320,24,0,0
BRDA:320,24,1,0
BRDA:320,25,0,0
BRDA:320,25,1,0
BRDA:324,26,0,0
BRDA:324,26,1,0
BRDA:325,27,0,0
BRDA:325,27,1,0
BRDA:339,28,0,0
BRDA:339,28,1,0
BRDA:340,29,0,0
BRDA:340,29,1,0
BRDA:341,30,0,0
BRDA:341,30,1,0
BRDA:348,31,0,0
BRDA:348,31,1,0
BRDA:381,32,0,0
BRDA:381,32,1,0
BRDA:381,32,2,0
BRDA:381,32,3,0
BRDA:394,33,0,0
BRDA:394,33,1,0
BRDA:416,34,0,0
BRDA:416,34,1,0
BRDA:419,35,0,0
BRDA:419,35,1,0
BRDA:427,36,0,0
BRDA:427,36,1,0
BRDA:434,37,0,0
BRDA:434,37,1,0
BRDA:440,38,0,0
BRDA:440,38,1,0
BRDA:442,39,0,0
BRDA:442,39,1,0
BRDA:443,40,0,0
BRDA:443,40,1,0
BRDA:451,41,0,0
BRDA:451,41,1,0
BRDA:503,42,0,0
BRDA:503,42,1,0
BRDA:504,43,0,0
BRDA:504,43,1,0
BRDA:506,44,0,0
BRDA:506,44,1,0
BRDA:506,45,0,0
BRDA:506,45,1,0
BRDA:516,46,0,0
BRDA:516,46,1,0
BRDA:520,47,0,0
BRDA:520,47,1,0
BRDA:556,48,0,0
BRDA:556,48,1,0
BRDA:576,49,0,0
BRDA:576,49,1,0
BRDA:614,50,0,0
BRDA:614,50,1,0
BRDA:646,51,0,0
BRDA:646,51,1,0
BRDA:651,52,0,0
BRDA:651,52,1,0
BRDA:718,53,0,0
BRDA:718,53,1,0
BRDA:718,54,0,0
BRDA:718,54,1,0
BRDA:722,55,0,0
BRDA:722,55,1,0
BRDA:722,56,0,0
BRDA:722,56,1,0
BRDA:723,57,0,0
BRDA:723,57,1,0
BRDA:724,58,0,0
BRDA:724,58,1,0
BRDA:725,59,0,0
BRDA:725,59,1,0
BRDA:725,60,0,0
BRDA:725,60,1,0
BRDA:750,61,0,0
BRDA:750,61,1,0
BRDA:758,62,0,0
BRDA:758,62,1,0
BRDA:776,63,0,0
BRDA:776,63,1,0
BRDA:783,64,0,0
BRDA:783,64,1,0
BRDA:799,65,0,0
BRDA:799,65,1,0
BRDA:808,66,0,0
BRDA:808,66,1,0
BRDA:817,67,0,0
BRDA:817,67,1,0
BRDA:826,68,0,0
BRDA:826,68,1,0
BRDA:835,69,0,0
BRDA:835,69,1,0
BRDA:846,70,0,0
BRDA:846,70,1,0
BRDA:846,70,2,0
BRDA:872,71,0,0
BRDA:872,71,1,0
BRDA:873,72,0,0
BRDA:873,72,1,0
BRDA:875,73,0,0
BRDA:875,73,1,0
BRDA:905,74,0,0
BRDA:905,74,1,0
BRDA:941,75,0,0
BRDA:941,75,1,0
BRDA:953,76,0,0
BRDA:953,76,1,0
BRDA:953,77,0,0
BRDA:953,77,1,0
BRDA:983,78,0,0
BRDA:983,78,1,0
BRDA:1004,79,0,0
BRDA:1004,79,1,0
BRDA:1149,80,0,0
BRDA:1149,80,1,0
BRDA:1150,81,0,0
BRDA:1150,81,1,0
BRDA:1152,82,0,0
BRDA:1152,82,1,0
BRDA:1159,83,0,0
BRDA:1159,83,1,0
BRDA:1182,84,0,0
BRDA:1182,84,1,0
BRDA:1208,85,0,0
BRDA:1208,85,1,0
BRF:181
BRH:0
end_of_record
TN:
SF:src/pages/pedido/index_backup.tsx
FN:33,parseNumber
FN:46,(anonymous_1)
FN:72,(anonymous_2)
FN:90,(anonymous_3)
FN:94,(anonymous_4)
FN:98,(anonymous_5)
FN:101,(anonymous_6)
FN:103,(anonymous_7)
FN:110,(anonymous_8)
FN:117,(anonymous_9)
FN:125,(anonymous_10)
FN:142,(anonymous_11)
FN:148,(anonymous_12)
FN:166,(anonymous_13)
FN:269,(anonymous_14)
FN:277,(anonymous_15)
FN:285,(anonymous_16)
FN:293,(anonymous_17)
FN:302,(anonymous_18)
FN:306,(anonymous_19)
FN:313,(anonymous_20)
FN:319,(anonymous_21)
FN:327,(anonymous_22)
FN:350,(anonymous_23)
FN:351,(anonymous_24)
FN:370,(anonymous_25)
FN:373,(anonymous_26)
FN:384,(anonymous_27)
FN:389,(anonymous_28)
FN:394,(anonymous_29)
FN:401,(anonymous_30)
FN:421,(anonymous_31)
FN:440,(anonymous_32)
FN:493,(anonymous_33)
FN:540,(anonymous_34)
FN:546,(anonymous_35)
FN:555,(anonymous_36)
FN:564,(anonymous_37)
FN:573,(anonymous_38)
FN:590,(anonymous_39)
FN:606,(anonymous_40)
FN:620,(anonymous_41)
FN:622,(anonymous_42)
FN:623,(anonymous_43)
FN:630,(anonymous_44)
FN:651,(anonymous_45)
FN:658,(anonymous_46)
FN:664,(anonymous_47)
FN:666,(anonymous_48)
FN:689,(anonymous_49)
FN:694,(anonymous_50)
FN:700,(anonymous_51)
FN:708,(anonymous_52)
FN:712,(anonymous_53)
FN:716,(anonymous_54)
FN:720,(anonymous_55)
FN:724,(anonymous_56)
FN:728,(anonymous_57)
FN:735,(anonymous_58)
FN:739,(anonymous_59)
FN:743,(anonymous_60)
FN:753,(anonymous_61)
FN:768,(anonymous_62)
FN:776,(anonymous_63)
FN:778,(anonymous_64)
FN:783,(anonymous_65)
FN:785,(anonymous_66)
FN:790,(anonymous_67)
FN:793,(anonymous_68)
FN:797,(anonymous_69)
FN:803,(anonymous_70)
FN:805,(anonymous_71)
FN:810,(anonymous_72)
FN:812,(anonymous_73)
FN:817,(anonymous_74)
FN:822,(anonymous_75)
FN:824,(anonymous_76)
FN:827,(anonymous_77)
FN:830,(anonymous_78)
FN:836,(anonymous_79)
FN:838,(anonymous_80)
FN:842,(anonymous_81)
FN:847,(anonymous_82)
FN:856,(anonymous_83)
FN:865,(anonymous_84)
FN:871,(anonymous_85)
FN:872,(anonymous_86)
FN:882,(anonymous_87)
FN:885,(anonymous_88)
FN:891,(anonymous_89)
FN:895,(anonymous_90)
FN:908,(anonymous_91)
FN:918,(anonymous_92)
FN:925,(anonymous_93)
FN:932,(anonymous_94)
FN:936,(anonymous_95)
FN:949,(anonymous_96)
FN:957,(anonymous_97)
FN:960,(anonymous_98)
FN:971,(anonymous_99)
FN:980,(anonymous_100)
FN:983,(anonymous_101)
FN:992,(anonymous_102)
FN:998,(anonymous_103)
FN:1008,(anonymous_104)
FN:1014,(anonymous_105)
FN:1023,(anonymous_106)
FN:1029,(anonymous_107)
FN:1035,(anonymous_108)
FN:1038,(anonymous_109)
FN:1041,(anonymous_110)
FN:1044,(anonymous_111)
FN:1050,(anonymous_112)
FN:1057,(anonymous_113)
FN:1068,(anonymous_114)
FN:1071,(anonymous_115)
FN:1075,(anonymous_116)
FN:1090,(anonymous_117)
FN:1113,(anonymous_118)
FN:1116,(anonymous_119)
FN:1118,(anonymous_120)
FN:1128,(anonymous_121)
FN:1134,(anonymous_122)
FN:1136,(anonymous_123)
FN:1140,(anonymous_124)
FN:1142,(anonymous_125)
FN:1156,(anonymous_126)
FN:1163,(anonymous_127)
FN:1165,(anonymous_128)
FN:1170,(anonymous_129)
FN:1172,(anonymous_130)
FN:1175,(anonymous_131)
FN:1184,(anonymous_132)
FN:1192,(anonymous_133)
FN:1198,(anonymous_134)
FN:1199,(anonymous_135)
FN:1203,(anonymous_136)
FN:1205,(anonymous_137)
FN:1209,(anonymous_138)
FN:1212,(anonymous_139)
FN:1227,(anonymous_140)
FN:1234,(anonymous_141)
FN:1235,(anonymous_142)
FN:1244,(anonymous_143)
FN:1250,(anonymous_144)
FN:1251,(anonymous_145)
FN:1259,(anonymous_146)
FN:1261,(anonymous_147)
FN:1280,(anonymous_148)
FN:1283,(anonymous_149)
FN:1286,(anonymous_150)
FN:1300,(anonymous_151)
FN:1304,(anonymous_152)
FN:1328,(anonymous_153)
FN:1329,(anonymous_154)
FN:1340,(anonymous_155)
FN:1342,(anonymous_156)
FN:1345,(anonymous_157)
FN:1348,(anonymous_158)
FNF:159
FNH:0
FNDA:0,parseNumber
FNDA:0,(anonymous_1)
FNDA:0,(anonymous_2)
FNDA:0,(anonymous_3)
FNDA:0,(anonymous_4)
FNDA:0,(anonymous_5)
FNDA:0,(anonymous_6)
FNDA:0,(anonymous_7)
FNDA:0,(anonymous_8)
FNDA:0,(anonymous_9)
FNDA:0,(anonymous_10)
FNDA:0,(anonymous_11)
FNDA:0,(anonymous_12)
FNDA:0,(anonymous_13)
FNDA:0,(anonymous_14)
FNDA:0,(anonymous_15)
FNDA:0,(anonymous_16)
FNDA:0,(anonymous_17)
FNDA:0,(anonymous_18)
FNDA:0,(anonymous_19)
FNDA:0,(anonymous_20)
FNDA:0,(anonymous_21)
FNDA:0,(anonymous_22)
FNDA:0,(anonymous_23)
FNDA:0,(anonymous_24)
FNDA:0,(anonymous_25)
FNDA:0,(anonymous_26)
FNDA:0,(anonymous_27)
FNDA:0,(anonymous_28)
FNDA:0,(anonymous_29)
FNDA:0,(anonymous_30)
FNDA:0,(anonymous_31)
FNDA:0,(anonymous_32)
FNDA:0,(anonymous_33)
FNDA:0,(anonymous_34)
FNDA:0,(anonymous_35)
FNDA:0,(anonymous_36)
FNDA:0,(anonymous_37)
FNDA:0,(anonymous_38)
FNDA:0,(anonymous_39)
FNDA:0,(anonymous_40)
FNDA:0,(anonymous_41)
FNDA:0,(anonymous_42)
FNDA:0,(anonymous_43)
FNDA:0,(anonymous_44)
FNDA:0,(anonymous_45)
FNDA:0,(anonymous_46)
FNDA:0,(anonymous_47)
FNDA:0,(anonymous_48)
FNDA:0,(anonymous_49)
FNDA:0,(anonymous_50)
FNDA:0,(anonymous_51)
FNDA:0,(anonymous_52)
FNDA:0,(anonymous_53)
FNDA:0,(anonymous_54)
FNDA:0,(anonymous_55)
FNDA:0,(anonymous_56)
FNDA:0,(anonymous_57)
FNDA:0,(anonymous_58)
FNDA:0,(anonymous_59)
FNDA:0,(anonymous_60)
FNDA:0,(anonymous_61)
FNDA:0,(anonymous_62)
FNDA:0,(anonymous_63)
FNDA:0,(anonymous_64)
FNDA:0,(anonymous_65)
FNDA:0,(anonymous_66)
FNDA:0,(anonymous_67)
FNDA:0,(anonymous_68)
FNDA:0,(anonymous_69)
FNDA:0,(anonymous_70)
FNDA:0,(anonymous_71)
FNDA:0,(anonymous_72)
FNDA:0,(anonymous_73)
FNDA:0,(anonymous_74)
FNDA:0,(anonymous_75)
FNDA:0,(anonymous_76)
FNDA:0,(anonymous_77)
FNDA:0,(anonymous_78)
FNDA:0,(anonymous_79)
FNDA:0,(anonymous_80)
FNDA:0,(anonymous_81)
FNDA:0,(anonymous_82)
FNDA:0,(anonymous_83)
FNDA:0,(anonymous_84)
FNDA:0,(anonymous_85)
FNDA:0,(anonymous_86)
FNDA:0,(anonymous_87)
FNDA:0,(anonymous_88)
FNDA:0,(anonymous_89)
FNDA:0,(anonymous_90)
FNDA:0,(anonymous_91)
FNDA:0,(anonymous_92)
FNDA:0,(anonymous_93)
FNDA:0,(anonymous_94)
FNDA:0,(anonymous_95)
FNDA:0,(anonymous_96)
FNDA:0,(anonymous_97)
FNDA:0,(anonymous_98)
FNDA:0,(anonymous_99)
FNDA:0,(anonymous_100)
FNDA:0,(anonymous_101)
FNDA:0,(anonymous_102)
FNDA:0,(anonymous_103)
FNDA:0,(anonymous_104)
FNDA:0,(anonymous_105)
FNDA:0,(anonymous_106)
FNDA:0,(anonymous_107)
FNDA:0,(anonymous_108)
FNDA:0,(anonymous_109)
FNDA:0,(anonymous_110)
FNDA:0,(anonymous_111)
FNDA:0,(anonymous_112)
FNDA:0,(anonymous_113)
FNDA:0,(anonymous_114)
FNDA:0,(anonymous_115)
FNDA:0,(anonymous_116)
FNDA:0,(anonymous_117)
FNDA:0,(anonymous_118)
FNDA:0,(anonymous_119)
FNDA:0,(anonymous_120)
FNDA:0,(anonymous_121)
FNDA:0,(anonymous_122)
FNDA:0,(anonymous_123)
FNDA:0,(anonymous_124)
FNDA:0,(anonymous_125)
FNDA:0,(anonymous_126)
FNDA:0,(anonymous_127)
FNDA:0,(anonymous_128)
FNDA:0,(anonymous_129)
FNDA:0,(anonymous_130)
FNDA:0,(anonymous_131)
FNDA:0,(anonymous_132)
FNDA:0,(anonymous_133)
FNDA:0,(anonymous_134)
FNDA:0,(anonymous_135)
FNDA:0,(anonymous_136)
FNDA:0,(anonymous_137)
FNDA:0,(anonymous_138)
FNDA:0,(anonymous_139)
FNDA:0,(anonymous_140)
FNDA:0,(anonymous_141)
FNDA:0,(anonymous_142)
FNDA:0,(anonymous_143)
FNDA:0,(anonymous_144)
FNDA:0,(anonymous_145)
FNDA:0,(anonymous_146)
FNDA:0,(anonymous_147)
FNDA:0,(anonymous_148)
FNDA:0,(anonymous_149)
FNDA:0,(anonymous_150)
FNDA:0,(anonymous_151)
FNDA:0,(anonymous_152)
FNDA:0,(anonymous_153)
FNDA:0,(anonymous_154)
FNDA:0,(anonymous_155)
FNDA:0,(anonymous_156)
FNDA:0,(anonymous_157)
FNDA:0,(anonymous_158)
DA:22,0
DA:29,0
DA:31,0
DA:32,0
DA:34,0
DA:35,0
DA:36,0
DA:37,0
DA:38,0
DA:39,0
DA:40,0
DA:41,0
DA:42,0
DA:47,0
DA:48,0
DA:72,0
DA:74,0
DA:75,0
DA:76,0
DA:77,0
DA:78,0
DA:79,0
DA:80,0
DA:82,0
DA:86,0
DA:87,0
DA:91,0
DA:92,0
DA:95,0
DA:96,0
DA:102,0
DA:104,0
DA:111,0
DA:112,0
DA:117,0
DA:126,0
DA:143,0
DA:144,0
DA:145,0
DA:146,0
DA:147,0
DA:148,0
DA:149,0
DA:167,0
DA:168,0
DA:270,0
DA:275,0
DA:278,0
DA:283,0
DA:286,0
DA:287,0
DA:288,0
DA:289,0
DA:293,0
DA:302,0
DA:306,0
DA:313,0
DA:314,0
DA:319,0
DA:320,0
DA:328,0
DA:329,0
DA:330,0
DA:331,0
DA:333,0
DA:334,0
DA:335,0
DA:336,0
DA:339,0
DA:340,0
DA:341,0
DA:342,0
DA:343,0
DA:345,0
DA:346,0
DA:350,0
DA:351,0
DA:370,0
DA:373,0
DA:384,0
DA:389,0
DA:394,0
DA:401,0
DA:421,0
DA:440,0
DA:493,0
DA:540,0
DA:546,0
DA:555,0
DA:564,0
DA:573,0
DA:590,0
DA:606,0
DA:620,0
DA:622,0
DA:623,0
DA:630,0
DA:652,0
DA:653,0
DA:658,0
DA:665,0
DA:666,0
DA:690,0
DA:691,0
DA:694,0
DA:700,0
DA:708,0
DA:712,0
DA:716,0
DA:720,0
DA:724,0
DA:728,0
DA:735,0
DA:739,0
DA:743,0
DA:753,0
DA:768,0
DA:777,0
DA:778,0
DA:779,0
DA:781,0
DA:784,0
DA:785,0
DA:786,0
DA:788,0
DA:791,0
DA:792,0
DA:793,0
DA:794,0
DA:797,0
DA:798,0
DA:801,0
DA:804,0
DA:805,0
DA:806,0
DA:808,0
DA:811,0
DA:812,0
DA:813,0
DA:815,0
DA:818,0
DA:819,0
DA:820,0
DA:823,0
DA:824,0
DA:825,0
DA:827,0
DA:828,0
DA:830,0
DA:831,0
DA:834,0
DA:837,0
DA:839,0
DA:841,0
DA:842,0
DA:843,0
DA:845,0
DA:848,0
DA:849,0
DA:850,0
DA:857,0
DA:858,0
DA:859,0
DA:860,0
DA:865,0
DA:871,0
DA:872,0
DA:882,0
DA:885,0
DA:892,0
DA:895,0
DA:908,0
DA:919,0
DA:920,0
DA:925,0
DA:933,0
DA:936,0
DA:950,0
DA:951,0
DA:957,0
DA:960,0
DA:971,0
DA:980,0
DA:983,0
DA:993,0
DA:994,0
DA:998,0
DA:1008,0
DA:1014,0
DA:1024,0
DA:1025,0
DA:1029,0
DA:1035,0
DA:1038,0
DA:1041,0
DA:1044,0
DA:1051,0
DA:1052,0
DA:1053,0
DA:1055,0
DA:1056,0
DA:1057,0
DA:1068,0
DA:1069,0
DA:1070,0
DA:1071,0
DA:1072,0
DA:1076,0
DA:1077,0
DA:1079,0
DA:1090,0
DA:1114,0
DA:1115,0
DA:1117,0
DA:1118,0
DA:1119,0
DA:1122,0
DA:1129,0
DA:1130,0
DA:1134,0
DA:1136,0
DA:1140,0
DA:1141,0
DA:1143,0
DA:1144,0
DA:1145,0
DA:1147,0
DA:1157,0
DA:1158,0
DA:1163,0
DA:1165,0
DA:1170,0
DA:1171,0
DA:1173,0
DA:1174,0
DA:1175,0
DA:1176,0
DA:1178,0
DA:1180,0
DA:1181,0
DA:1185,0
DA:1193,0
DA:1194,0
DA:1198,0
DA:1199,0
DA:1203,0
DA:1204,0
DA:1206,0
DA:1207,0
DA:1208,0
DA:1210,0
DA:1212,0
DA:1213,0
DA:1216,0
DA:1219,0
DA:1228,0
DA:1230,0
DA:1234,0
DA:1235,0
DA:1241,0
DA:1242,0
DA:1243,0
DA:1244,0
DA:1245,0
DA:1246,0
DA:1250,0
DA:1251,0
DA:1256,0
DA:1259,0
DA:1260,0
DA:1261,0
DA:1262,0
DA:1266,0
DA:1267,0
DA:1268,0
DA:1269,0
DA:1270,0
DA:1271,0
DA:1272,0
DA:1273,0
DA:1275,0
DA:1281,0
DA:1282,0
DA:1284,0
DA:1286,0
DA:1287,0
DA:1289,0
DA:1292,0
DA:1301,0
DA:1303,0
DA:1306,0
DA:1307,0
DA:1309,0
DA:1310,0
DA:1312,0
DA:1315,0
DA:1316,0
DA:1318,0
DA:1319,0
DA:1322,0
DA:1328,0
DA:1329,0
DA:1330,0
DA:1332,0
DA:1333,0
DA:1340,0
DA:1341,0
DA:1343,0
DA:1346,0
DA:1349,0
DA:1354,0
DA:1359,0
LF:312
LH:0
BRDA:34,0,0,0
BRDA:34,0,1,0
BRDA:37,1,0,0
BRDA:37,1,1,0
BRDA:38,2,0,0
BRDA:38,2,1,0
BRDA:38,3,0,0
BRDA:38,3,1,0
BRDA:39,4,0,0
BRDA:39,4,1,0
BRDA:39,5,0,0
BRDA:39,5,1,0
BRDA:39,5,2,0
BRDA:79,6,0,0
BRDA:79,6,1,0
BRDA:129,7,0,0
BRDA:129,7,1,0
BRDA:152,8,0,0
BRDA:152,8,1,0
BRDA:154,9,0,0
BRDA:154,9,1,0
BRDA:156,10,0,0
BRDA:156,10,1,0
BRDA:158,11,0,0
BRDA:158,11,1,0
BRDA:158,12,0,0
BRDA:158,12,1,0
BRDA:158,12,2,0
BRDA:160,13,0,0
BRDA:160,13,1,0
BRDA:160,14,0,0
BRDA:160,14,1,0
BRDA:170,15,0,0
BRDA:170,15,1,0
BRDA:171,16,0,0
BRDA:171,16,1,0
BRDA:172,17,0,0
BRDA:172,17,1,0
BRDA:173,18,0,0
BRDA:173,18,1,0
BRDA:191,19,0,0
BRDA:191,19,1,0
BRDA:195,20,0,0
BRDA:195,20,1,0
BRDA:199,21,0,0
BRDA:199,21,1,0
BRDA:199,22,0,0
BRDA:199,22,1,0
BRDA:205,23,0,0
BRDA:205,23,1,0
BRDA:208,24,0,0
BRDA:208,24,1,0
[...]
DA:117,0
DA:126,0
DA:127,0
DA:128,0
DA:129,0
DA:130,0
DA:131,0
DA:133,0
LF:40
LH:0
BRDA:26,0,0,0
BRDA:26,0,1,0
BRDA:83,1,0,0
BRDA:83,1,1,0
BRDA:87,2,0,0
BRDA:87,2,1,0
BRDA:127,3,0,0
BRDA:127,3,1,0
BRF:8
BRH:0
end_of_record
TN:
SF:src/redux/store.js
FN:18,(anonymous_0)
FN:18,(anonymous_1)
FN:18,(anonymous_2)
FN:56,(anonymous_3)
FN:58,configureStore
FNF:5
FNH:0
FNDA:0,(anonymous_0)
FNDA:0,(anonymous_1)
FNDA:0,(anonymous_2)
FNDA:0,(anonymous_3)
FNDA:0,configureStore
DA:6,0
DA:7,0
DA:9,0
DA:12,0
DA:13,0
DA:16,0
DA:18,0
DA:19,0
DA:22,0
DA:25,0
DA:26,0
DA:29,0
DA:32,0
DA:33,0
DA:34,0
DA:35,0
DA:44,0
DA:45,0
DA:46,0
DA:48,0
DA:51,0
DA:56,0
DA:59,0
DA:65,0
LF:24
LH:0
BRDA:9,0,0,0
BRDA:9,0,1,0
BRDA:9,0,2,0
BRDA:12,1,0,0
BRDA:12,1,1,0
BRDA:19,2,0,0
BRDA:19,2,1,0
BRDA:32,3,0,0
BRDA:32,3,1,0
BRDA:44,4,0,0
BRDA:44,4,1,0
BRF:11
BRH:0
end_of_record
TN:
SF:src/redux/actions/mensajeActions.js
FN:8,(anonymous_0)
FN:9,(anonymous_1)
FN:12,(anonymous_2)
FN:19,(anonymous_3)
FN:25,(anonymous_4)
FN:26,(anonymous_5)
FN:29,(anonymous_6)
FN:35,(anonymous_7)
FN:41,(anonymous_8)
FN:42,(anonymous_9)
FN:45,(anonymous_10)
FN:52,(anonymous_11)
FNF:12
FNH:0
FNDA:0,(anonymous_0)
FNDA:0,(anonymous_1)
FNDA:0,(anonymous_2)
FNDA:0,(anonymous_3)
FNDA:0,(anonymous_4)
FNDA:0,(anonymous_5)
FNDA:0,(anonymous_6)
FNDA:0,(anonymous_7)
FNDA:0,(anonymous_8)
FNDA:0,(anonymous_9)
FNDA:0,(anonymous_10)
FNDA:0,(anonymous_11)
DA:8,0
DA:9,0
DA:10,0
DA:14,0
DA:20,0
DA:25,0
DA:26,0
DA:27,0
DA:30,0
DA:36,0
DA:41,0
DA:42,0
DA:43,0
DA:47,0
DA:53,0
LF:15
LH:0
BRF:0
BRH:0
end_of_record
TN:
SF:src/redux/actions/pedidoActions.js
FN:13,(anonymous_0)
FN:14,(anonymous_1)
FN:17,(anonymous_2)
FN:23,(anonymous_3)
FN:29,(anonymous_4)
FN:30,(anonymous_5)
FN:33,(anonymous_6)
FN:39,(anonymous_7)
FN:46,(anonymous_8)
FN:47,(anonymous_9)
FN:77,(anonymous_10)
FN:78,(anonymous_11)
FN:81,(anonymous_12)
FN:87,(anonymous_13)
FN:93,(anonymous_14)
FN:94,(anonymous_15)
FN:97,(anonymous_16)
FN:103,(anonymous_17)
FN:109,(anonymous_18)
FN:110,(anonymous_19)
FN:113,(anonymous_20)
FN:119,(anonymous_21)
FN:125,(anonymous_22)
FN:126,(anonymous_23)
FN:148,(anonymous_24)
FN:168,(anonymous_25)
FN:194,(anonymous_26)
FN:213,(anonymous_27)
FN:233,(anonymous_28)
FN:256,(anonymous_29)
FN:283,(anonymous_30)
FN:312,(anonymous_31)
FN:367,(anonymous_32)
FNF:33
FNH:0
FNDA:0,(anonymous_0)
FNDA:0,(anonymous_1)
FNDA:0,(anonymous_2)
FNDA:0,(anonymous_3)
FNDA:0,(anonymous_4)
FNDA:0,(anonymous_5)
FNDA:0,(anonymous_6)
FNDA:0,(anonymous_7)
FNDA:0,(anonymous_8)
FNDA:0,(anonymous_9)
FNDA:0,(anonymous_10)
FNDA:0,(anonymous_11)
FNDA:0,(anonymous_12)
FNDA:0,(anonymous_13)
FNDA:0,(anonymous_14)
FNDA:0,(anonymous_15)
FNDA:0,(anonymous_16)
FNDA:0,(anonymous_17)
FNDA:0,(anonymous_18)
FNDA:0,(anonymous_19)
FNDA:0,(anonymous_20)
FNDA:0,(anonymous_21)
FNDA:0,(anonymous_22)
FNDA:0,(anonymous_23)
FNDA:0,(anonymous_24)
FNDA:0,(anonymous_25)
FNDA:0,(anonymous_26)
FNDA:0,(anonymous_27)
FNDA:0,(anonymous_28)
FNDA:0,(anonymous_29)
FNDA:0,(anonymous_30)
FNDA:0,(anonymous_31)
FNDA:0,(anonymous_32)
DA:13,0
DA:14,0
DA:15,0
DA:18,0
DA:24,0
DA:29,0
DA:30,0
DA:31,0
DA:34,0
DA:40,0
DA:46,0
DA:47,0
DA:48,0
DA:50,0
DA:51,0
DA:52,0
DA:53,0
DA:54,0
DA:56,0
DA:58,0
DA:59,0
DA:60,0
DA:62,0
DA:67,0
DA:68,0
DA:77,0
DA:78,0
DA:79,0
DA:82,0
DA:88,0
DA:93,0
DA:94,0
DA:95,0
DA:98,0
DA:104,0
DA:109,0
DA:110,0
DA:111,0
DA:114,0
DA:120,0
DA:125,0
DA:126,0
DA:127,0
DA:128,0
DA:129,0
DA:130,0
DA:132,0
DA:133,0
DA:134,0
DA:139,0
DA:148,0
DA:149,0
DA:150,0
DA:151,0
DA:153,0
DA:163,0
DA:168,0
DA:169,0
DA:170,0
DA:178,0
DA:180,0
DA:189,0
DA:194,0
DA:195,0
DA:196,0
DA:197,0
DA:199,0
DA:208,0
DA:213,0
DA:214,0
DA:215,0
DA:216,0
DA:218,0
DA:228,0
DA:233,0
DA:234,0
DA:235,0
DA:236,0
DA:237,0
DA:239,0
DA:251,0
DA:256,0
DA:257,0
DA:258,0
DA:259,0
DA:267,0
DA:269,0
DA:278,0
DA:283,0
DA:284,0
DA:285,0
DA:292,0
DA:294,0
DA:307,0
DA:312,0
DA:313,0
DA:315,0
DA:316,0
DA:318,0
DA:320,0
DA:321,0
DA:325,0
DA:338,0
DA:339,0
DA:340,0
DA:342,0
DA:350,0
DA:352,0
DA:362,0
DA:367,0
DA:368,0
DA:369,0
DA:370,0
DA:378,0
DA:380,0
DA:389,0
LF:116
LH:0
BRDA:50,0,0,0
BRDA:50,0,1,0
BRDA:50,1,0,0
BRDA:50,1,1,0
BRDA:51,2,0,0
BRDA:51,2,1,0
BRDA:51,3,0,0
BRDA:51,3,1,0
BRDA:52,4,0,0
BRDA:52,4,1,0
BRDA:52,5,0,0
BRDA:52,5,1,0
BRDA:53,6,0,0
BRDA:53,6,1,0
BRDA:53,7,0,0
BRDA:53,7,1,0
BRDA:54,8,0,0
BRDA:54,8,1,0
BRDA:54,9,0,0
BRDA:54,9,1,0
BRDA:59,10,0,0
BRDA:59,10,1,0
BRDA:129,11,0,0
BRDA:129,11,1,0
BRDA:283,12,0,0
BRDA:318,13,0,0
BRDA:318,13,1,0
BRDA:318,14,0,0
BRDA:318,14,1,0
BRDA:321,15,0,0
BRDA:321,15,1,0
BRDA:326,16,0,0
BRDA:326,16,1,0
BRDA:344,17,0,0
BRDA:344,17,1,0
BRF:35
BRH:0
end_of_record
TN:
SF:src/redux/actions/revisionActions.js
FN:9,(anonymous_0)
FN:10,(anonymous_1)
FN:13,(anonymous_2)
FN:20,(anonymous_3)
FN:26,(anonymous_4)
FN:27,(anonymous_5)
FN:30,(anonymous_6)
FN:36,(anonymous_7)
FN:48,(anonymous_8)
FN:59,(anonymous_9)
FN:70,(anonymous_10)
FN:82,(anonymous_11)
FN:93,(anonymous_12)
FN:104,(anonymous_13)
FN:115,(anonymous_14)
FN:126,(anonymous_15)
FN:137,(anonymous_16)
FN:148,(anonymous_17)
FN:159,(anonymous_18)
FN:170,(anonymous_19)
FN:181,(anonymous_20)
FN:192,(anonymous_21)
FNF:22
FNH:0
FNDA:0,(anonymous_0)
FNDA:0,(anonymous_1)
FNDA:0,(anonymous_2)
FNDA:0,(anonymous_3)
FNDA:0,(anonymous_4)
FNDA:0,(anonymous_5)
FNDA:0,(anonymous_6)
FNDA:0,(anonymous_7)
FNDA:0,(anonymous_8)
FNDA:0,(anonymous_9)
FNDA:0,(anonymous_10)
FNDA:0,(anonymous_11)
FNDA:0,(anonymous_12)
FNDA:0,(anonymous_13)
FNDA:0,(anonymous_14)
FNDA:0,(anonymous_15)
FNDA:0,(anonymous_16)
FNDA:0,(anonymous_17)
FNDA:0,(anonymous_18)
FNDA:0,(anonymous_19)
FNDA:0,(anonymous_20)
FNDA:0,(anonymous_21)
DA:9,0
DA:10,0
DA:11,0
DA:15,0
DA:21,0
DA:26,0
DA:27,0
DA:28,0
DA:31,0
DA:37,0
DA:41,0
DA:48,0
DA:49,0
DA:50,0
DA:51,0
DA:53,0
DA:54,0
DA:59,0
DA:60,0
DA:61,0
DA:62,0
DA:64,0
DA:65,0
DA:70,0
DA:71,0
DA:72,0
DA:73,0
DA:75,0
DA:76,0
DA:82,0
DA:83,0
DA:84,0
DA:85,0
DA:87,0
DA:88,0
DA:93,0
DA:94,0
DA:95,0
DA:96,0
DA:98,0
DA:99,0
DA:104,0
DA:105,0
DA:106,0
DA:107,0
DA:109,0
DA:110,0
DA:115,0
DA:116,0
DA:117,0
DA:118,0
DA:120,0
DA:121,0
DA:126,0
DA:127,0
DA:128,0
DA:129,0
DA:131,0
DA:132,0
DA:137,0
DA:138,0
DA:139,0
DA:140,0
DA:142,0
DA:143,0
DA:148,0
DA:149,0
DA:150,0
DA:151,0
DA:153,0
DA:154,0
DA:159,0
DA:160,0
DA:161,0
DA:162,0
DA:164,0
DA:165,0
DA:170,0
DA:171,0
DA:172,0
DA:173,0
DA:175,0
DA:176,0
DA:181,0
DA:182,0
DA:183,0
DA:184,0
DA:186,0
DA:187,0
DA:192,0
DA:193,0
DA:194,0
DA:199,0
DA:201,0
DA:202,0
LF:95
LH:0
BRF:0
BRH:0
end_of_record
TN:
SF:src/redux/actions/tanqueActions.js
FN:8,(anonymous_0)
FN:9,(anonymous_1)
FN:12,(anonymous_2)
FN:18,(anonymous_3)
FNF:4
FNH:0
FNDA:0,(anonymous_0)
FNDA:0,(anonymous_1)
FNDA:0,(anonymous_2)
FNDA:0,(anonymous_3)
DA:8,0
DA:9,0
DA:10,0
DA:13,0
DA:19,0
LF:5
LH:0
BRF:0
BRH:0
end_of_record
TN:
SF:src/redux/actions/usuarioActions.js
FN:11,(anonymous_0)
FN:12,(anonymous_1)
FN:15,(anonymous_2)
FN:21,(anonymous_3)
FN:34,(anonymous_4)
FN:35,(anonymous_5)
FN:38,(anonymous_6)
FN:44,(anonymous_7)
FN:58,(anonymous_8)
FN:59,(anonymous_9)
FN:83,(anonymous_10)
FN:84,(anonymous_11)
FN:87,(anonymous_12)
FN:94,(anonymous_13)
FN:113,(anonymous_14)
FN:137,(anonymous_15)
FN:160,(anonymous_16)
FN:192,(anonymous_17)
FN:223,(anonymous_18)
FN:241,(anonymous_19)
FN:260,(anonymous_20)
FN:290,(anonymous_21)
FN:308,(anonymous_22)
FN:328,(anonymous_23)
FN:348,(anonymous_24)
FN:367,(anonymous_25)
FN:386,(anonymous_26)
FN:407,(anonymous_27)
FN:425,(anonymous_28)
FN:444,(anonymous_29)
FN:463,(anonymous_30)
FN:481,(anonymous_31)
FN:499,(anonymous_32)
FN:517,(anonymous_33)
FN:536,(anonymous_34)
FN:553,(anonymous_35)
FN:601,(anonymous_36)
FN:602,(anonymous_37)
FNF:38
FNH:0
FNDA:0,(anonymous_0)
FNDA:0,(anonymous_1)
FNDA:0,(anonymous_2)
FNDA:0,(anonymous_3)
FNDA:0,(anonymous_4)
FNDA:0,(anonymous_5)
FNDA:0,(anonymous_6)
FNDA:0,(anonymous_7)
FNDA:0,(anonymous_8)
FNDA:0,(anonymous_9)
FNDA:0,(anonymous_10)
FNDA:0,(anonymous_11)
FNDA:0,(anonymous_12)
FNDA:0,(anonymous_13)
FNDA:0,(anonymous_14)
FNDA:0,(anonymous_15)
FNDA:0,(anonymous_16)
FNDA:0,(anonymous_17)
FNDA:0,(anonymous_18)
FNDA:0,(anonymous_19)
FNDA:0,(anonymous_20)
FNDA:0,(anonymous_21)
FNDA:0,(anonymous_22)
FNDA:0,(anonymous_23)
FNDA:0,(anonymous_24)
FNDA:0,(anonymous_25)
FNDA:0,(anonymous_26)
FNDA:0,(anonymous_27)
FNDA:0,(anonymous_28)
FNDA:0,(anonymous_29)
FNDA:0,(anonymous_30)
FNDA:0,(anonymous_31)
FNDA:0,(anonymous_32)
FNDA:0,(anonymous_33)
FNDA:0,(anonymous_34)
FNDA:0,(anonymous_35)
FNDA:0,(anonymous_36)
FNDA:0,(anonymous_37)
DA:11,0
DA:12,0
DA:13,0
DA:16,0
DA:22,0
DA:34,0
DA:35,0
DA:36,0
DA:39,0
DA:45,0
DA:58,0
DA:59,0
DA:60,0
DA:62,0
DA:63,0
DA:64,0
DA:65,0
DA:70,0
DA:83,0
DA:84,0
DA:85,0
DA:88,0
DA:89,0
DA:95,0
DA:99,0
DA:113,0
DA:114,0
DA:115,0
DA:117,0
DA:118,0
DA:121,0
DA:123,0
DA:132,0
DA:137,0
DA:138,0
DA:139,0
DA:141,0
DA:142,0
DA:145,0
DA:147,0
DA:156,0
DA:160,0
DA:161,0
DA:162,0
DA:164,0
DA:173,0
DA:174,0
DA:177,0
DA:179,0
DA:188,0
DA:192,0
DA:193,0
DA:194,0
DA:195,0
DA:204,0
DA:205,0
DA:208,0
DA:210,0
DA:219,0
DA:223,0
DA:224,0
DA:225,0
DA:226,0
DA:228,0
DA:237,0
DA:241,0
DA:242,0
DA:243,0
DA:244,0
DA:246,0
DA:256,0
DA:260,0
DA:261,0
DA:263,0
DA:264,0
DA:267,0
DA:270,0
DA:271,0
DA:277,0
DA:286,0
DA:290,0
DA:291,0
DA:292,0
DA:293,0
DA:295,0
DA:304,0
DA:308,0
DA:309,0
DA:310,0
DA:311,0
DA:313,0
DA:324,0
DA:328,0
DA:329,0
DA:330,0
DA:331,0
DA:333,0
DA:344,0
DA:348,0
DA:349,0
DA:350,0
DA:351,0
DA:353,0
DA:363,0
DA:367,0
DA:368,0
DA:369,0
DA:370,0
DA:372,0
DA:382,0
DA:386,0
DA:387,0
DA:388,0
DA:393,0
DA:395,0
DA:403,0
DA:407,0
DA:408,0
DA:409,0
DA:410,0
DA:412,0
DA:421,0
DA:425,0
DA:426,0
DA:427,0
DA:428,0
DA:430,0
DA:440,0
DA:444,0
DA:445,0
DA:446,0
DA:447,0
DA:449,0
DA:459,0
DA:463,0
DA:464,0
DA:465,0
DA:466,0
DA:468,0
DA:477,0
DA:481,0
DA:482,0
DA:483,0
DA:484,0
DA:486,0
DA:495,0
DA:499,0
DA:500,0
DA:501,0
DA:502,0
DA:504,0
DA:513,0
DA:517,0
DA:518,0
DA:519,0
DA:520,0
DA:522,0
DA:532,0
DA:536,0
DA:537,0
DA:538,0
DA:539,0
DA:541,0
DA:549,0
DA:553,0
DA:554,0
DA:555,0
DA:556,0
DA:558,0
DA:566,0
DA:601,0
DA:602,0
DA:603,0
DA:604,0
DA:609,0
DA:610,0
DA:611,0
DA:613,0
DA:614,0
DA:617,0
DA:618,0
LF:181
LH:0
BRDA:62,0,0,0
BRDA:62,0,1,0
BRDA:62,1,0,0
BRDA:62,1,1,0
BRDA:67,2,0,0
BRDA:67,2,1,0
BRDA:91,3,0,0
BRDA:91,3,1,0
BRDA:117,4,0,0
BRDA:117,4,1,0
BRDA:141,5,0,0
BRDA:141,5,1,0
BRDA:173,6,0,0
BRDA:173,6,1,0
BRDA:204,7,0,0
BRDA:204,7,1,0
BRDA:270,8,0,0
BRDA:270,8,1,0
BRDA:609,9,0,0
BRDA:609,9,1,0
BRF:20
BRH:0
end_of_record
TN:
SF:src/redux/actions/vehiculoActions.js
FN:8,(anonymous_0)
FN:9,(anonymous_1)
FN:12,(anonymous_2)
FN:18,(anonymous_3)
FN:24,(anonymous_4)
FN:25,(anonymous_5)
FN:28,(anonymous_6)
FN:35,(anonymous_7)
FNF:8
FNH:0
FNDA:0,(anonymous_0)
FNDA:0,(anonymous_1)
FNDA:0,(anonymous_2)
FNDA:0,(anonymous_3)
FNDA:0,(anonymous_4)
FNDA:0,(anonymous_5)
FNDA:0,(anonymous_6)
FNDA:0,(anonymous_7)
DA:8,0
DA:9,0
DA:10,0
DA:13,0
DA:19,0
DA:24,0
DA:25,0
DA:26,0
DA:30,0
DA:36,0
LF:10
LH:0
BRF:0
BRH:0
end_of_record
TN:
SF:src/redux/actions/constants/actionsTypes.js
FNF:0
FNH:0
DA:7,0
DA:8,0
DA:9,0
DA:10,0
DA:11,0
DA:12,0
DA:20,0
DA:21,0
DA:22,0
DA:23,0
DA:24,0
DA:32,0
DA:33,0
DA:34,0
DA:43,0
DA:44,0
DA:45,0
DA:46,0
DA:55,0
DA:56,0
DA:57,0
DA:65,0
LF:22
LH:0
BRF:0
BRH:0
end_of_record
TN:
SF:src/redux/reducers/index.js
FNF:0
FNH:0
DA:11,0
LF:1
LH:0
BRF:0
BRH:0
end_of_record
TN:
SF:src/redux/reducers/mensaje.js
FN:7,(anonymous_0)
FN:17,(anonymous_1)
FN:26,(anonymous_2)
FN:36,reducer
FNF:4
FNH:0
FNDA:0,(anonymous_0)
FNDA:0,(anonymous_1)
FNDA:0,(anonymous_2)
FNDA:0,reducer
DA:7,0
DA:8,0
DA:10,0
DA:12,0
DA:17,0
DA:18,0
DA:20,0
DA:22,0
DA:26,0
DA:27,0
DA:29,0
DA:31,0
DA:37,0
LF:13
LH:0
BRDA:7,0,0,0
BRDA:8,1,0,0
BRDA:8,1,1,0
BRDA:17,2,0,0
BRDA:18,3,0,0
BRDA:18,3,1,0
BRDA:26,4,0,0
BRDA:27,5,0,0
BRDA:27,5,1,0
BRDA:36,6,0,0
BRF:10
BRH:0
end_of_record
TN:
SF:src/redux/reducers/pedido.js
FN:12,(anonymous_0)
FN:20,(anonymous_1)
FN:29,(anonymous_2)
FN:38,(anonymous_3)
FN:47,(anonymous_4)
FN:56,(anonymous_5)
FN:65,(anonymous_6)
FN:75,authServiceReducer
FNF:8
FNH:0
FNDA:0,(anonymous_0)
FNDA:0,(anonymous_1)
FNDA:0,(anonymous_2)
FNDA:0,(anonymous_3)
FNDA:0,(anonymous_4)
FNDA:0,(anonymous_5)
FNDA:0,(anonymous_6)
FNDA:0,authServiceReducer
DA:12,0
DA:13,0
DA:15,0
DA:17,0
DA:20,0
DA:21,0
DA:23,0
DA:25,0
DA:29,0
DA:30,0
DA:32,0
DA:34,0
DA:38,0
DA:39,0
DA:41,0
DA:43,0
DA:47,0
DA:48,0
DA:50,0
DA:52,0
DA:56,0
DA:57,0
DA:59,0
DA:61,0
DA:65,0
DA:66,0
DA:68,0
DA:70,0
DA:76,0
LF:29
LH:0
BRDA:12,0,0,0
BRDA:13,1,0,0
BRDA:13,1,1,0
BRDA:20,2,0,0
BRDA:21,3,0,0
BRDA:21,3,1,0
BRDA:29,4,0,0
BRDA:30,5,0,0
BRDA:30,5,1,0
BRDA:38,6,0,0
BRDA:39,7,0,0
BRDA:39,7,1,0
BRDA:47,8,0,0
BRDA:48,9,0,0
BRDA:48,9,1,0
BRDA:56,10,0,0
BRDA:57,11,0,0
BRDA:57,11,1,0
BRDA:65,12,0,0
BRDA:66,13,0,0
BRDA:66,13,1,0
BRDA:75,14,0,0
BRF:22
BRH:0
end_of_record
TN:
SF:src/redux/reducers/revision.js
FN:8,(anonymous_0)
FN:17,(anonymous_1)
FN:28,authServiceReducer
FNF:3
FNH:0
FNDA:0,(anonymous_0)
FNDA:0,(anonymous_1)
FNDA:0,authServiceReducer
DA:8,0
DA:9,0
DA:11,0
DA:13,0
DA:17,0
DA:18,0
DA:20,0
DA:22,0
DA:29,0
LF:9
LH:0
BRDA:8,0,0,0
BRDA:9,1,0,0
BRDA:9,1,1,0
BRDA:17,2,0,0
BRDA:18,3,0,0
BRDA:18,3,1,0
BRDA:28,4,0,0
BRF:7
BRH:0
end_of_record
TN:
SF:src/redux/reducers/tanque.js
FN:6,(anonymous_0)
FN:17,authServiceReducer
FNF:2
FNH:0
FNDA:0,(anonymous_0)
FNDA:0,authServiceReducer
DA:6,0
DA:8,0
DA:10,0
DA:12,0
DA:18,0
LF:5
LH:0
BRDA:6,0,0,0
BRDA:8,1,0,0
BRDA:8,1,1,0
BRDA:17,2,0,0
BRF:4
BRH:0
end_of_record
TN:
SF:src/redux/reducers/usuario.js
FN:10,(anonymous_0)
FN:18,(anonymous_1)
FN:26,(anonymous_2)
FN:34,(anonymous_3)
FN:44,authServiceReducer
FNF:5
FNH:0
FNDA:0,(anonymous_0)
FNDA:0,(anonymous_1)
FNDA:0,(anonymous_2)
FNDA:0,(anonymous_3)
FNDA:0,authServiceReducer
DA:10,0
DA:11,0
DA:13,0
DA:15,0
DA:18,0
DA:19,0
DA:21,0
DA:23,0
DA:26,0
DA:27,0
DA:29,0
DA:31,0
DA:34,0
DA:35,0
DA:37,0
DA:39,0
DA:45,0
LF:17
LH:0
BRDA:10,0,0,0
BRDA:11,1,0,0
BRDA:11,1,1,0
BRDA:18,2,0,0
BRDA:19,3,0,0
BRDA:19,3,1,0
BRDA:26,4,0,0
BRDA:27,5,0,0
BRDA:27,5,1,0
BRDA:34,6,0,0
BRDA:35,7,0,0
BRDA:35,7,1,0
BRDA:44,8,0,0
BRF:13
BRH:0
end_of_record
TN:
SF:src/redux/reducers/vehiculo.js
FN:7,(anonymous_0)
FN:15,(anonymous_1)
FN:24,authServiceReducer
FNF:3
FNH:0
FNDA:0,(anonymous_0)
FNDA:0,(anonymous_1)
FNDA:0,authServiceReducer
DA:7,0
DA:8,0
DA:10,0
DA:12,0
DA:15,0
DA:16,0
DA:18,0
DA:20,0
DA:25,0
LF:9
LH:0
BRDA:7,0,0,0
BRDA:8,1,0,0
BRDA:8,1,1,0
BRDA:15,2,0,0
BRDA:16,3,0,0
BRDA:16,3,1,0
BRDA:24,4,0,0
BRF:7
BRH:0
end_of_record
TN:
SF:src/routes/MainRoutes.js
FN:46,AppNavigator
FNF:1
FNH:0
FNDA:0,AppNavigator
DA:44,0
DA:47,0
LF:2
LH:0
BRF:0
BRH:0
end_of_record
TN:
SF:src/services/pushNotificationService.js
FN:8,(anonymous_0)
FN:14,(anonymous_1)
FN:64,(anonymous_2)
FN:115,(anonymous_3)
FN:174,(anonymous_4)
FN:176,(anonymous_5)
FN:188,(anonymous_6)
FN:196,(anonymous_7)
FN:204,(anonymous_8)
FN:218,(anonymous_9)
FN:251,(anonymous_10)
FN:268,(anonymous_11)
FN:280,(anonymous_12)
FN:290,(anonymous_13)
FN:302,(anonymous_14)
FN:307,(anonymous_15)
FN:313,(anonymous_16)
FN:327,(anonymous_17)
FN:332,(anonymous_18)
FN:336,(anonymous_19)
FN:349,(anonymous_20)
FN:358,(anonymous_21)
FN:372,(anonymous_22)
FN:385,(anonymous_23)
FN:397,(anonymous_24)
FNF:25
FNH:0
FNDA:0,(anonymous_0)
FNDA:0,(anonymous_1)
FNDA:0,(anonymous_2)
FNDA:0,(anonymous_3)
FNDA:0,(anonymous_4)
FNDA:0,(anonymous_5)
FNDA:0,(anonymous_6)
FNDA:0,(anonymous_7)
FNDA:0,(anonymous_8)
FNDA:0,(anonymous_9)
FNDA:0,(anonymous_10)
FNDA:0,(anonymous_11)
FNDA:0,(anonymous_12)
FNDA:0,(anonymous_13)
FNDA:0,(anonymous_14)
FNDA:0,(anonymous_15)
FNDA:0,(anonymous_16)
FNDA:0,(anonymous_17)
FNDA:0,(anonymous_18)
FNDA:0,(anonymous_19)
FNDA:0,(anonymous_20)
FNDA:0,(anonymous_21)
FNDA:0,(anonymous_22)
FNDA:0,(anonymous_23)
FNDA:0,(anonymous_24)
DA:9,0
DA:10,0
DA:15,0
DA:16,0
DA:19,0
DA:20,0
DA:21,0
DA:22,0
DA:23,0
DA:24,0
DA:25,0
DA:27,0
DA:28,0
DA:31,0
DA:33,0
DA:38,0
DA:39,0
DA:41,0
DA:42,0
DA:43,0
DA:44,0
DA:46,0
DA:47,0
DA:50,0
DA:51,0
DA:55,0
DA:57,0
DA:59,0
DA:65,0
DA:66,0
DA:69,0
DA:70,0
DA:71,0
DA:74,0
DA:77,0
DA:80,0
DA:81,0
DA:82,0
DA:83,0
DA:87,0
DA:89,0
DA:92,0
DA:93,0
DA:96,0
DA:97,0
DA:100,0
DA:103,0
DA:105,0
DA:107,0
DA:110,0
DA:116,0
DA:118,0
DA:119,0
DA:120,0
DA:124,0
DA:125,0
DA:126,0
DA:127,0
DA:130,0
DA:131,0
DA:132,0
DA:133,0
DA:134,0
DA:135,0
DA:136,0
DA:137,0
DA:138,0
DA:141,0
DA:142,0
DA:144,0
DA:147,0
DA:150,0
DA:151,0
DA:152,0
DA:153,0
DA:154,0
DA:155,0
DA:156,0
DA:157,0
DA:158,0
DA:159,0
DA:160,0
DA:161,0
DA:162,0
DA:163,0
DA:164,0
DA:167,0
DA:170,0
DA:176,0
DA:177,0
DA:180,0
DA:188,0
DA:189,0
DA:194,0
DA:197,0
DA:198,0
DA:204,0
DA:205,0
DA:206,0
DA:207,0
DA:208,0
DA:209,0
DA:210,0
DA:211,0
DA:212,0
DA:213,0
DA:219,0
DA:220,0
DA:221,0
DA:222,0
DA:226,0
DA:227,0
DA:228,0
DA:232,0
DA:237,0
DA:238,0
DA:239,0
DA:241,0
DA:242,0
DA:245,0
DA:246,0
DA:252,0
DA:253,0
DA:254,0
DA:255,0
DA:256,0
DA:257,0
DA:259,0
DA:260,0
DA:261,0
DA:263,0
DA:264,0
DA:269,0
DA:270,0
DA:271,0
DA:274,0
DA:275,0
DA:281,0
DA:282,0
DA:283,0
DA:285,0
DA:291,0
DA:292,0
DA:293,0
DA:295,0
DA:303,0
DA:308,0
DA:309,0
DA:313,0
DA:318,0
DA:319,0
DA:321,0
DA:322,0
DA:328,0
DA:329,0
DA:330,0
DA:332,0
DA:333,0
DA:336,0
DA:340,0
DA:341,0
DA:343,0
DA:344,0
DA:350,0
DA:351,0
DA:352,0
DA:354,0
DA:358,0
DA:363,0
DA:364,0
DA:366,0
DA:367,0
DA:373,0
DA:374,0
DA:375,0
DA:377,0
DA:378,0
DA:386,0
DA:387,0
DA:388,0
DA:389,0
DA:390,0
DA:391,0
DA:392,0
DA:393,0
DA:398,0
DA:399,0
DA:400,0
DA:401,0
DA:402,0
DA:403,0
DA:405,0
DA:406,0
DA:409,0
DA:410,0
LF:195
LH:0
BRDA:19,0,0,0
BRDA:19,0,1,0
BRDA:23,1,0,0
BRDA:23,1,1,0
BRDA:38,2,0,0
BRDA:38,2,1,0
BRDA:42,3,0,0
BRDA:42,3,1,0
BRDA:42,4,0,0
BRDA:42,4,1,0
BRDA:66,5,0,0
BRDA:66,5,1,0
BRDA:69,6,0,0
BRDA:69,6,1,0
BRDA:80,7,0,0
BRDA:80,7,1,0
BRDA:89,8,0,0
BRDA:89,8,1,0
BRDA:92,9,0,0
BRDA:92,9,1,0
BRDA:118,10,0,0
BRDA:118,10,1,0
BRDA:125,11,0,0
BRDA:125,11,1,0
BRDA:131,12,0,0
BRDA:131,12,1,0
BRDA:154,13,0,0
BRDA:154,13,1,0
BRDA:181,14,0,0
BRDA:181,14,1,0
BRDA:182,15,0,0
BRDA:182,15,1,0
BRDA:197,16,0,0
BRDA:197,16,1,0
BRDA:220,17,0,0
BRDA:220,17,1,0
BRDA:220,18,0,0
BRDA:220,18,1,0
BRDA:226,19,0,0
BRDA:226,19,1,0
BRDA:237,20,0,0
BRDA:237,20,1,0
BRDA:253,21,0,0
BRDA:253,21,1,0
BRDA:271,22,0,0
BRDA:271,22,1,0
BRDA:307,23,0,0
BRDA:307,24,0,0
BRDA:327,25,0,0
BRDA:327,26,0,0
BRDA:349,27,0,0
BRDA:349,28,0,0
BRDA:388,29,0,0
BRDA:388,29,1,0
BRDA:389,30,0,0
BRDA:389,30,1,0
BRDA:390,31,0,0
BRDA:390,31,1,0
BRDA:391,32,0,0
BRDA:391,32,1,0
BRDA:401,33,0,0
BRDA:401,33,1,0
BRF:62
BRH:0
end_of_record
TN:
SF:src/utils/calendar.js
FN:16,(anonymous_0)
FNF:1
FNH:0
FNDA:0,(anonymous_0)
DA:4,0
DA:13,0
DA:16,0
DA:17,0
LF:4
LH:0
BRF:0
BRH:0
end_of_record
TN:
SF:src/utils/colors.ts
FNF:0
FNH:0
DA:1,0
LF:1
LH:0
BRF:0
BRH:0
end_of_record
TN:
SF:src/utils/constants.ts
FNF:0
FNH:0
DA:1,0
DA:14,0
DA:15,0
DA:16,0
DA:17,0
DA:21,0
LF:6
LH:0
BRF:0
BRH:0
end_of_record
TN:
SF:src/utils/informes.ts
FNF:0
FNH:0
DA:1,0
DA:2,0
LF:2
LH:0
BRF:0
BRH:0
end_of_record
TN:
SF:src/utils/number.js
FN:7,parseNumber
FN:38,formatCurrency
FN:47,removeNonNumeric
FN:59,parseToInteger
FNF:4
FNH:0
FNDA:0,parseNumber
FNDA:0,formatCurrency
FNDA:0,removeNonNumeric
FNDA:0,parseToInteger
DA:8,0
DA:9,0
DA:12,0
DA:15,0
DA:18,0
DA:21,0
DA:24,0
DA:27,0
DA:29,0
DA:39,0
DA:48,0
DA:49,0
DA:50,0
DA:51,0
DA:60,0
DA:61,0
DA:62,0
LF:17
LH:0
BRDA:8,0,0,0
BRDA:8,0,1,0
BRDA:15,1,0,0
BRDA:15,1,1,0
BRDA:18,2,0,0
BRDA:18,2,1,0
BRDA:18,3,0,0
BRDA:18,3,1,0
BRDA:21,4,0,0
BRDA:21,4,1,0
BRDA:21,5,0,0
BRDA:21,5,1,0
BRDA:21,5,2,0
BRDA:38,6,0,0
BRDA:48,7,0,0
BRDA:48,7,1,0
BRDA:51,8,0,0
BRDA:51,8,1,0
BRDA:62,9,0,0
BRDA:62,9,1,0
BRF:20
BRH:0
end_of_record
TN:
SF:src/utils/pedido_info.ts
FNF:0
FNH:0
DA:1,0
DA:7,0
DA:13,0
DA:14,0
DA:15,0
DA:18,0
DA:19,0
DA:20,0
DA:23,0
DA:24,0
DA:25,0
DA:28,0
DA:38,0
LF:13
LH:0
BRF:0
BRH:0
end_of_record
TN:
SF:src/utils/tanques.ts
FNF:0
FNH:0
DA:1,0
DA:2,0
DA:4,0
DA:9,0
DA:14,0
DA:27,0
DA:73,0
LF:7
LH:0
BRF:0
BRH:0
end_of_record
TN:
SF:src/utils/url.ts
FNF:0
FNH:0
DA:1,0
LF:1
LH:0
BRF:0
BRH:0
end_of_record
TN:
SF:src/utils/users_info.ts
FNF:0
FNH:0
DA:1,0
DA:14,0
DA:26,0
LF:3
LH:0
BRF:0
BRH:0
end_of_record
TN:
SF:src/utils/firebase/firebase-config.ts
FNF:0
FNH:0
DA:8,0
DA:19,0
DA:21,0
LF:3
LH:0
BRF:0
BRH:0
end_of_record
